gpasm-0.13.7 beta               Objects/LCDCircularList.asm12-12-2017  12:40:44         PAGE  1


LOC  OBJECT CODE     LINE SOURCE TEXT
  VALUE
 
               00001 ;--------------------------------------------------------
               00002 ; File Created by SDCC : free open source ANSI-C Compiler
               00003 ; Version 2.9.4 #5595 (Nov 15 2017) (UNIX)
               00004 ; This file was generated Tue Dec 12 12:40:44 2017
               00005 ;--------------------------------------------------------
               00006 ; PIC16 port for the Microchip 16-bit core micros
               00007 ;--------------------------------------------------------
               00008         list    p=18f97j60
               00009 
               00010         radix dec
               00011 
               00012 ;--------------------------------------------------------
               00013 ; public variables in this module
               00014 ;--------------------------------------------------------
               00015         global _LCDListInit
               00016         global _LCDListIsEmpty
               00017         global _LCDListIsFull
               00018         global _LCDListPush
               00019         global _LCDListPop
               00020 
               00021 ;--------------------------------------------------------
               00022 ; extern variables in this module
               00023 ;--------------------------------------------------------
               00024         extern __gptrget1
               00025         extern __gptrput1
               00026         extern _EBSTCONbits
               00027         extern _MISTATbits
               00028         extern _EFLOCONbits
               00029         extern _MACON1bits
               00030         extern _MACON2bits
               00031         extern _MACON3bits
               00032         extern _MACON4bits
               00033         extern _MACLCON1bits
               00034         extern _MACLCON2bits
               00035         extern _MICONbits
               00036         extern _MICMDbits
               00037         extern _EWOLIEbits
               00038         extern _EWOLIRbits
               00039         extern _ERXFCONbits
               00040         extern _EIEbits
               00041         extern _ESTATbits
               00042         extern _ECON2bits
               00043         extern _EIRbits
               00044         extern _EDATAbits
               00045         extern _SSP2CON2bits
               00046         extern _SSP2CON1bits
               00047         extern _SSP2STATbits
               00048         extern _ECCP2DELbits
               00049         extern _ECCP2ASbits
               00050         extern _ECCP3DELbits
               00051         extern _ECCP3ASbits
               00052         extern _RCSTA2bits
               00053         extern _TXSTA2bits
               00054         extern _CCP5CONbits
gpasm-0.13.7 beta               Objects/LCDCircularList.asm12-12-2017  12:40:44         PAGE  2


LOC  OBJECT CODE     LINE SOURCE TEXT
  VALUE
 
               00055         extern _CCP4CONbits
               00056         extern _T4CONbits
               00057         extern _ECCP1DELbits
               00058         extern _BAUDCON2bits
               00059         extern _BAUDCTL2bits
               00060         extern _BAUDCONbits
               00061         extern _BAUDCON1bits
               00062         extern _BAUDCTLbits
               00063         extern _BAUDCTL1bits
               00064         extern _PORTAbits
               00065         extern _PORTBbits
               00066         extern _PORTCbits
               00067         extern _PORTDbits
               00068         extern _PORTEbits
               00069         extern _PORTFbits
               00070         extern _PORTGbits
               00071         extern _PORTHbits
               00072         extern _PORTJbits
               00073         extern _LATAbits
               00074         extern _LATBbits
               00075         extern _LATCbits
               00076         extern _LATDbits
               00077         extern _LATEbits
               00078         extern _LATFbits
               00079         extern _LATGbits
               00080         extern _LATHbits
               00081         extern _LATJbits
               00082         extern _DDRAbits
               00083         extern _TRISAbits
               00084         extern _DDRBbits
               00085         extern _TRISBbits
               00086         extern _DDRCbits
               00087         extern _TRISCbits
               00088         extern _DDRDbits
               00089         extern _TRISDbits
               00090         extern _DDREbits
               00091         extern _TRISEbits
               00092         extern _DDRFbits
               00093         extern _TRISFbits
               00094         extern _DDRGbits
               00095         extern _TRISGbits
               00096         extern _DDRHbits
               00097         extern _TRISHbits
               00098         extern _DDRJbits
               00099         extern _TRISJbits
               00100         extern _OSCTUNEbits
               00101         extern _MEMCONbits
               00102         extern _PIE1bits
               00103         extern _PIR1bits
               00104         extern _IPR1bits
               00105         extern _PIE2bits
               00106         extern _PIR2bits
               00107         extern _IPR2bits
               00108         extern _PIE3bits
gpasm-0.13.7 beta               Objects/LCDCircularList.asm12-12-2017  12:40:44         PAGE  3


LOC  OBJECT CODE     LINE SOURCE TEXT
  VALUE
 
               00109         extern _PIR3bits
               00110         extern _IPR3bits
               00111         extern _EECON1bits
               00112         extern _RCSTAbits
               00113         extern _RCSTA1bits
               00114         extern _TXSTAbits
               00115         extern _TXSTA1bits
               00116         extern _PSPCONbits
               00117         extern _T3CONbits
               00118         extern _CMCONbits
               00119         extern _CVRCONbits
               00120         extern _ECCP1ASbits
               00121         extern _CCP3CONbits
               00122         extern _ECCP3CONbits
               00123         extern _CCP2CONbits
               00124         extern _ECCP2CONbits
               00125         extern _CCP1CONbits
               00126         extern _ECCP1CONbits
               00127         extern _ADCON2bits
               00128         extern _ADCON1bits
               00129         extern _ADCON0bits
               00130         extern _SSP1CON2bits
               00131         extern _SSPCON2bits
               00132         extern _SSP1CON1bits
               00133         extern _SSPCON1bits
               00134         extern _SSP1STATbits
               00135         extern _SSPSTATbits
               00136         extern _T2CONbits
               00137         extern _T1CONbits
               00138         extern _RCONbits
               00139         extern _WDTCONbits
               00140         extern _ECON1bits
               00141         extern _OSCCONbits
               00142         extern _T0CONbits
               00143         extern _STATUSbits
               00144         extern _INTCON3bits
               00145         extern _INTCON2bits
               00146         extern _INTCONbits
               00147         extern _STKPTRbits
               00148         extern _stdin
               00149         extern _stdout
               00150         extern _AN0String
               00151         extern _AppConfig
               00152         extern _activeUDPSocket
               00153         extern _UDPSocketInfo
               00154         extern _UDPTxCount
               00155         extern _UDPRxCount
               00156         extern _LCDText
               00157         extern _MAADR5
               00158         extern _MAADR6
               00159         extern _MAADR3
               00160         extern _MAADR4
               00161         extern _MAADR1
               00162         extern _MAADR2
gpasm-0.13.7 beta               Objects/LCDCircularList.asm12-12-2017  12:40:44         PAGE  4


LOC  OBJECT CODE     LINE SOURCE TEXT
  VALUE
 
               00163         extern _EBSTSD
               00164         extern _EBSTCON
               00165         extern _EBSTCS
               00166         extern _EBSTCSL
               00167         extern _EBSTCSH
               00168         extern _MISTAT
               00169         extern _EFLOCON
               00170         extern _EPAUS
               00171         extern _EPAUSL
               00172         extern _EPAUSH
               00173         extern _MACON1
               00174         extern _MACON2
               00175         extern _MACON3
               00176         extern _MACON4
               00177         extern _MABBIPG
               00178         extern _MAIPG
               00179         extern _MAIPGL
               00180         extern _MAIPGH
               00181         extern _MACLCON1
               00182         extern _MACLCON2
               00183         extern _MAMXFL
               00184         extern _MAMXFLL
               00185         extern _MAMXFLH
               00186         extern _MICON
               00187         extern _MICMD
               00188         extern _MIREGADR
               00189         extern _MIWR
               00190         extern _MIWRL
               00191         extern _MIWRH
               00192         extern _MIRD
               00193         extern _MIRDL
               00194         extern _MIRDH
               00195         extern _EHT0
               00196         extern _EHT1
               00197         extern _EHT2
               00198         extern _EHT3
               00199         extern _EHT4
               00200         extern _EHT5
               00201         extern _EHT6
               00202         extern _EHT7
               00203         extern _EPMM0
               00204         extern _EPMM1
               00205         extern _EPMM2
               00206         extern _EPMM3
               00207         extern _EPMM4
               00208         extern _EPMM5
               00209         extern _EPMM6
               00210         extern _EPMM7
               00211         extern _EPMCS
               00212         extern _EPMCSL
               00213         extern _EPMCSH
               00214         extern _EPMO
               00215         extern _EPMOL
               00216         extern _EPMOH
gpasm-0.13.7 beta               Objects/LCDCircularList.asm12-12-2017  12:40:44         PAGE  5


LOC  OBJECT CODE     LINE SOURCE TEXT
  VALUE
 
               00217         extern _EWOLIE
               00218         extern _EWOLIR
               00219         extern _ERXFCON
               00220         extern _EPKTCNT
               00221         extern _EWRPT
               00222         extern _EWRPTL
               00223         extern _EWRPTH
               00224         extern _ETXST
               00225         extern _ETXSTL
               00226         extern _ETXSTH
               00227         extern _ETXND
               00228         extern _ETXNDL
               00229         extern _ETXNDH
               00230         extern _ERXST
               00231         extern _ERXSTL
               00232         extern _ERXSTH
               00233         extern _ERXND
               00234         extern _ERXNDL
               00235         extern _ERXNDH
               00236         extern _ERXRDPT
               00237         extern _ERXRDPTL
               00238         extern _ERXRDPTH
               00239         extern _ERXWRPT
               00240         extern _ERXWRPTL
               00241         extern _ERXWRPTH
               00242         extern _EDMAST
               00243         extern _EDMASTL
               00244         extern _EDMASTH
               00245         extern _EDMAND
               00246         extern _EDMANDL
               00247         extern _EDMANDH
               00248         extern _EDMADST
               00249         extern _EDMADSTL
               00250         extern _EDMADSTH
               00251         extern _EDMACS
               00252         extern _EDMACSL
               00253         extern _EDMACSH
               00254         extern _EIE
               00255         extern _ESTAT
               00256         extern _ECON2
               00257         extern _EIR
               00258         extern _EDATA
               00259         extern _SSP2CON2
               00260         extern _SSP2CON1
               00261         extern _SSP2STAT
               00262         extern _SSP2ADD
               00263         extern _SSP2BUF
               00264         extern _ECCP2DEL
               00265         extern _ECCP2AS
               00266         extern _ECCP3DEL
               00267         extern _ECCP3AS
               00268         extern _RCSTA2
               00269         extern _TXSTA2
               00270         extern _TXREG2
gpasm-0.13.7 beta               Objects/LCDCircularList.asm12-12-2017  12:40:44         PAGE  6


LOC  OBJECT CODE     LINE SOURCE TEXT
  VALUE
 
               00271         extern _RCREG2
               00272         extern _SPBRG2
               00273         extern _CCP5CON
               00274         extern _CCPR5
               00275         extern _CCPR5L
               00276         extern _CCPR5H
               00277         extern _CCP4CON
               00278         extern _CCPR4
               00279         extern _CCPR4L
               00280         extern _CCPR4H
               00281         extern _T4CON
               00282         extern _PR4
               00283         extern _TMR4
               00284         extern _ECCP1DEL
               00285         extern _ERDPT
               00286         extern _ERDPTL
               00287         extern _ERDPTH
               00288         extern _BAUDCON2
               00289         extern _BAUDCTL2
               00290         extern _SPBRGH2
               00291         extern _BAUDCON
               00292         extern _BAUDCON1
               00293         extern _BAUDCTL
               00294         extern _BAUDCTL1
               00295         extern _SPBRGH
               00296         extern _SPBRGH1
               00297         extern _PORTA
               00298         extern _PORTB
               00299         extern _PORTC
               00300         extern _PORTD
               00301         extern _PORTE
               00302         extern _PORTF
               00303         extern _PORTG
               00304         extern _PORTH
               00305         extern _PORTJ
               00306         extern _LATA
               00307         extern _LATB
               00308         extern _LATC
               00309         extern _LATD
               00310         extern _LATE
               00311         extern _LATF
               00312         extern _LATG
               00313         extern _LATH
               00314         extern _LATJ
               00315         extern _DDRA
               00316         extern _TRISA
               00317         extern _DDRB
               00318         extern _TRISB
               00319         extern _DDRC
               00320         extern _TRISC
               00321         extern _DDRD
               00322         extern _TRISD
               00323         extern _DDRE
               00324         extern _TRISE
gpasm-0.13.7 beta               Objects/LCDCircularList.asm12-12-2017  12:40:44         PAGE  7


LOC  OBJECT CODE     LINE SOURCE TEXT
  VALUE
 
               00325         extern _DDRF
               00326         extern _TRISF
               00327         extern _DDRG
               00328         extern _TRISG
               00329         extern _DDRH
               00330         extern _TRISH
               00331         extern _DDRJ
               00332         extern _TRISJ
               00333         extern _OSCTUNE
               00334         extern _MEMCON
               00335         extern _PIE1
               00336         extern _PIR1
               00337         extern _IPR1
               00338         extern _PIE2
               00339         extern _PIR2
               00340         extern _IPR2
               00341         extern _PIE3
               00342         extern _PIR3
               00343         extern _IPR3
               00344         extern _EECON1
               00345         extern _EECON2
               00346         extern _RCSTA
               00347         extern _RCSTA1
               00348         extern _TXSTA
               00349         extern _TXSTA1
               00350         extern _TXREG
               00351         extern _TXREG1
               00352         extern _RCREG
               00353         extern _RCREG1
               00354         extern _SPBRG
               00355         extern _SPBRG1
               00356         extern _PSPCON
               00357         extern _T3CON
               00358         extern _TMR3L
               00359         extern _TMR3H
               00360         extern _CMCON
               00361         extern _CVRCON
               00362         extern _ECCP1AS
               00363         extern _CCP3CON
               00364         extern _ECCP3CON
               00365         extern _CCPR3
               00366         extern _CCPR3L
               00367         extern _CCPR3H
               00368         extern _CCP2CON
               00369         extern _ECCP2CON
               00370         extern _CCPR2
               00371         extern _CCPR2L
               00372         extern _CCPR2H
               00373         extern _CCP1CON
               00374         extern _ECCP1CON
               00375         extern _CCPR1
               00376         extern _CCPR1L
               00377         extern _CCPR1H
               00378         extern _ADCON2
gpasm-0.13.7 beta               Objects/LCDCircularList.asm12-12-2017  12:40:44         PAGE  8


LOC  OBJECT CODE     LINE SOURCE TEXT
  VALUE
 
               00379         extern _ADCON1
               00380         extern _ADCON0
               00381         extern _ADRES
               00382         extern _ADRESL
               00383         extern _ADRESH
               00384         extern _SSP1CON2
               00385         extern _SSPCON2
               00386         extern _SSP1CON1
               00387         extern _SSPCON1
               00388         extern _SSP1STAT
               00389         extern _SSPSTAT
               00390         extern _SSP1ADD
               00391         extern _SSPADD
               00392         extern _SSP1BUF
               00393         extern _SSPBUF
               00394         extern _T2CON
               00395         extern _PR2
               00396         extern _TMR2
               00397         extern _T1CON
               00398         extern _TMR1L
               00399         extern _TMR1H
               00400         extern _RCON
               00401         extern _WDTCON
               00402         extern _ECON1
               00403         extern _OSCCON
               00404         extern _T0CON
               00405         extern _TMR0L
               00406         extern _TMR0H
               00407         extern _STATUS
               00408         extern _FSR2L
               00409         extern _FSR2H
               00410         extern _PLUSW2
               00411         extern _PREINC2
               00412         extern _POSTDEC2
               00413         extern _POSTINC2
               00414         extern _INDF2
               00415         extern _BSR
               00416         extern _FSR1L
               00417         extern _FSR1H
               00418         extern _PLUSW1
               00419         extern _PREINC1
               00420         extern _POSTDEC1
               00421         extern _POSTINC1
               00422         extern _INDF1
               00423         extern _WREG
               00424         extern _FSR0L
               00425         extern _FSR0H
               00426         extern _PLUSW0
               00427         extern _PREINC0
               00428         extern _POSTDEC0
               00429         extern _POSTINC0
               00430         extern _INDF0
               00431         extern _INTCON3
               00432         extern _INTCON2
gpasm-0.13.7 beta               Objects/LCDCircularList.asm12-12-2017  12:40:44         PAGE  9


LOC  OBJECT CODE     LINE SOURCE TEXT
  VALUE
 
               00433         extern _INTCON
               00434         extern _PROD
               00435         extern _PRODL
               00436         extern _PRODH
               00437         extern _TABLAT
               00438         extern _TBLPTR
               00439         extern _TBLPTRL
               00440         extern _TBLPTRH
               00441         extern _TBLPTRU
               00442         extern _PC
               00443         extern _PCL
               00444         extern _PCLATH
               00445         extern _PCLATU
               00446         extern _STKPTR
               00447         extern _TOS
               00448         extern _TOSL
               00449         extern _TOSH
               00450         extern _TOSU
               00451         extern __moduint
               00452         extern __mulint
               00453 ;--------------------------------------------------------
               00454 ;       Equates to used internal registers
               00455 ;--------------------------------------------------------
  00000FD8     00456 STATUS  equ     0xfd8
  00000FE8     00457 WREG    equ     0xfe8
  00000FE9     00458 FSR0L   equ     0xfe9
  00000FEA     00459 FSR0H   equ     0xfea
  00000FE1     00460 FSR1L   equ     0xfe1
  00000FD9     00461 FSR2L   equ     0xfd9
  00000FEF     00462 INDF0   equ     0xfef
  00000FE5     00463 POSTDEC1        equ     0xfe5
  00000FE4     00464 PREINC1 equ     0xfe4
  00000FDB     00465 PLUSW2  equ     0xfdb
  00000FF3     00466 PRODL   equ     0xff3
               00467 
               00468 
               00469         idata
               00470 _LCDListReady   db      0x00
               00471 
               00472 
               00473 ; Internal registers
               00474 .registers      udata_ovr       0x0000
               00475 r0x00   res     1
               00476 r0x01   res     1
               00477 r0x02   res     1
               00478 r0x03   res     1
               00479 r0x04   res     1
               00480 r0x05   res     1
               00481 r0x06   res     1
               00482 r0x07   res     1
               00483 r0x08   res     1
               00484 r0x09   res     1
               00485 r0x0a   res     1
               00486 r0x0b   res     1
gpasm-0.13.7 beta               Objects/LCDCircularList.asm12-12-2017  12:40:44         PAGE 10


LOC  OBJECT CODE     LINE SOURCE TEXT
  VALUE
 
               00487 r0x0c   res     1
               00488 r0x0d   res     1
               00489 r0x0e   res     1
               00490 r0x0f   res     1
               00491 
               00492 
               00493 lcd_scn udata
               00494 _listLCD        res     378
               00495 
               00496 ;--------------------------------------------------------
               00497 ; global & static initialisations
               00498 ;--------------------------------------------------------
               00499 ; I code from now on!
               00500 ; ; Starting pCode block
               00501 S_LCDCircularList__LCDListPop   code
0000 00502 _LCDListPop:
               00503 ;       .line   85; TCPIP_Stack/LCDCircularList.c       char LCDListPop(char *order, char text[])
0000 CFD9 FFE5 00504         MOVFF   FSR2L, POSTDEC1
0004 CFE1 FFD9 00505         MOVFF   FSR1L, FSR2L
0008 C000 FFE5 00506         MOVFF   r0x00, POSTDEC1
000C C000 FFE5 00507         MOVFF   r0x01, POSTDEC1
0010 C000 FFE5 00508         MOVFF   r0x02, POSTDEC1
0014 C000 FFE5 00509         MOVFF   r0x03, POSTDEC1
0018 C000 FFE5 00510         MOVFF   r0x04, POSTDEC1
001C C000 FFE5 00511         MOVFF   r0x05, POSTDEC1
0020 C000 FFE5 00512         MOVFF   r0x06, POSTDEC1
0024 C000 FFE5 00513         MOVFF   r0x07, POSTDEC1
0028 C000 FFE5 00514         MOVFF   r0x08, POSTDEC1
002C C000 FFE5 00515         MOVFF   r0x09, POSTDEC1
0030 C000 FFE5 00516         MOVFF   r0x0a, POSTDEC1
0034 C000 FFE5 00517         MOVFF   r0x0b, POSTDEC1
0038 C000 FFE5 00518         MOVFF   r0x0c, POSTDEC1
003C C000 FFE5 00519         MOVFF   r0x0d, POSTDEC1
0040 C000 FFE5 00520         MOVFF   r0x0e, POSTDEC1
0044 C000 FFE5 00521         MOVFF   r0x0f, POSTDEC1
0048 0E02      00522         MOVLW   0x02
004A CFDB F000 00523         MOVFF   PLUSW2, r0x00
004E 0E03      00524         MOVLW   0x03
0050 CFDB F000 00525         MOVFF   PLUSW2, r0x01
0054 0E04      00526         MOVLW   0x04
0056 CFDB F000 00527         MOVFF   PLUSW2, r0x02
005A 0E05      00528         MOVLW   0x05
005C CFDB F000 00529         MOVFF   PLUSW2, r0x03
0060 0E06      00530         MOVLW   0x06
0062 CFDB F000 00531         MOVFF   PLUSW2, r0x04
0066 0E07      00532         MOVLW   0x07
0068 CFDB F000 00533         MOVFF   PLUSW2, r0x05
006C 0000      00534         BANKSEL _LCDListReady
               00535 ;       .line   89; TCPIP_Stack/LCDCircularList.c       if (!LCDListReady)
006E 5100      00536         MOVF    _LCDListReady, W, B
0070 E100      00537         BNZ     _00162_DS_
               00538 ;       .line   90; TCPIP_Stack/LCDCircularList.c       return -1;
0072 68E8      00539         SETF    WREG
0074 D000      00540         BRA     _00169_DS_
gpasm-0.13.7 beta               Objects/LCDCircularList.asm12-12-2017  12:40:44         PAGE 11


LOC  OBJECT CODE     LINE SOURCE TEXT
  VALUE
 
0076 00541 _00162_DS_:
               00542 ;       .line   91; TCPIP_Stack/LCDCircularList.c       if (LCDListIsEmpty())
0076 EC00 F000 00543         CALL    _LCDListIsEmpty
007A 6E00      00544         MOVWF   r0x06
007C 5000      00545         MOVF    r0x06, W
007E E000      00546         BZ      _00164_DS_
               00547 ;       .line   92; TCPIP_Stack/LCDCircularList.c       return -2;
0080 0EFE      00548         MOVLW   0xfe
0082 D000      00549         BRA     _00169_DS_
0084 00550 _00164_DS_:
               00551 ;       .line   94; TCPIP_Stack/LCDCircularList.c       *order = listLCD.op[listLCD.tail].order;
0084 C000 F000 00552         MOVFF   (_listLCD + 376), r0x06
0088 C000 F000 00553         MOVFF   (_listLCD + 377), r0x07
008C 5000      00554         MOVF    r0x07, W
008E 6EE5      00555         MOVWF   POSTDEC1
0090 5000      00556         MOVF    r0x06, W
0092 6EE5      00557         MOVWF   POSTDEC1
0094 0E00      00558         MOVLW   0x00
0096 6EE5      00559         MOVWF   POSTDEC1
0098 0E22      00560         MOVLW   0x22
009A 6EE5      00561         MOVWF   POSTDEC1
009C EC00 F000 00562         CALL    __mulint
00A0 6E00      00563         MOVWF   r0x08
00A2 CFF3 F000 00564         MOVFF   PRODL, r0x09
00A6 0E04      00565         MOVLW   0x04
00A8 26E1      00566         ADDWF   FSR1L, F
00AA 0E00      00567         MOVLW   LOW(_listLCD)
00AC 2400      00568         ADDWF   r0x08, W
00AE 6E00      00569         MOVWF   r0x0a
00B0 0E00      00570         MOVLW   HIGH(_listLCD)
00B2 2000      00571         ADDWFC  r0x09, W
00B4 6E00      00572         MOVWF   r0x0b
00B6 C000 FFE9 00573         MOVFF   r0x0a, FSR0L
00BA C000 FFEA 00574         MOVFF   r0x0b, FSR0H
00BE CFEF F000 00575         MOVFF   INDF0, r0x0a
00C2 C000 FFE5 00576         MOVFF   r0x0a, POSTDEC1
00C6 C000 FFE9 00577         MOVFF   r0x00, FSR0L
00CA C000 FFF3 00578         MOVFF   r0x01, PRODL
00CE 5000      00579         MOVF    r0x02, W
00D0 EC00 F000 00580         CALL    __gptrput1
               00581 ;       .line   96; TCPIP_Stack/LCDCircularList.c       for (i=0; i<ROWCHARS*2+1; i++)
00D4 0E00      00582         MOVLW   LOW(_listLCD)
00D6 2400      00583         ADDWF   r0x08, W
00D8 6E00      00584         MOVWF   r0x00
00DA 0E00      00585         MOVLW   HIGH(_listLCD)
00DC 2000      00586         ADDWFC  r0x09, W
00DE 6E00      00587         MOVWF   r0x01
00E0 2A00      00588         INCF    r0x00, F
00E2 B0D8      00589         BTFSC   STATUS, 0
00E4 2A00      00590         INCF    r0x01, F
00E6 6A00      00591         CLRF    r0x02
00E8 6A00      00592         CLRF    r0x0a
00EA 00593 _00165_DS_:
00EA 0E00      00594         MOVLW   0x00
gpasm-0.13.7 beta               Objects/LCDCircularList.asm12-12-2017  12:40:44         PAGE 12


LOC  OBJECT CODE     LINE SOURCE TEXT
  VALUE
 
00EC 5C00      00595         SUBWF   r0x0a, W
00EE E100      00596         BNZ     _00176_DS_
00F0 0E21      00597         MOVLW   0x21
00F2 5C00      00598         SUBWF   r0x02, W
00F4 00599 _00176_DS_:
00F4 E200      00600         BC      _00168_DS_
               00601 ;       .line   97; TCPIP_Stack/LCDCircularList.c       text[i] = listLCD.op[listLCD.tail].text[i];
00F6 5000      00602         MOVF    r0x02, W
00F8 2400      00603         ADDWF   r0x03, W
00FA 6E00      00604         MOVWF   r0x0b
00FC 5000      00605         MOVF    r0x0a, W
00FE 2000      00606         ADDWFC  r0x04, W
0100 6E00      00607         MOVWF   r0x0c
0102 6AE8      00608         CLRF    WREG
0104 2000      00609         ADDWFC  r0x05, W
0106 6E00      00610         MOVWF   r0x0d
0108 5000      00611         MOVF    r0x02, W
010A 2400      00612         ADDWF   r0x00, W
010C 6E00      00613         MOVWF   r0x0e
010E 5000      00614         MOVF    r0x0a, W
0110 2000      00615         ADDWFC  r0x01, W
0112 6E00      00616         MOVWF   r0x0f
0114 C000 FFE9 00617         MOVFF   r0x0e, FSR0L
0118 C000 FFEA 00618         MOVFF   r0x0f, FSR0H
011C CFEF F000 00619         MOVFF   INDF0, r0x0e
0120 C000 FFE5 00620         MOVFF   r0x0e, POSTDEC1
0124 C000 FFE9 00621         MOVFF   r0x0b, FSR0L
0128 C000 FFF3 00622         MOVFF   r0x0c, PRODL
012C 5000      00623         MOVF    r0x0d, W
012E EC00 F000 00624         CALL    __gptrput1
               00625 ;       .line   96; TCPIP_Stack/LCDCircularList.c       for (i=0; i<ROWCHARS*2+1; i++)
0132 2A00      00626         INCF    r0x02, F
0134 B0D8      00627         BTFSC   STATUS, 0
0136 2A00      00628         INCF    r0x0a, F
0138 D000      00629         BRA     _00165_DS_
013A 00630 _00168_DS_:
               00631 ;       .line   99; TCPIP_Stack/LCDCircularList.c       listLCD.op[listLCD.tail].order = 0;
013A 0E00      00632         MOVLW   LOW(_listLCD)
013C 2400      00633         ADDWF   r0x08, W
013E 6E00      00634         MOVWF   r0x00
0140 0E00      00635         MOVLW   HIGH(_listLCD)
0142 2000      00636         ADDWFC  r0x09, W
0144 6E00      00637         MOVWF   r0x01
0146 C000 FFE9 00638         MOVFF   r0x00, FSR0L
014A C000 FFEA 00639         MOVFF   r0x01, FSR0H
014E 0E00      00640         MOVLW   0x00
0150 6EEF      00641         MOVWF   INDF0
               00642 ;       .line   100; TCPIP_Stack/LCDCircularList.c      listLCD.op[listLCD.tail].text[0] = '\0';
0152 0E00      00643         MOVLW   LOW(_listLCD)
0154 2600      00644         ADDWF   r0x08, F
0156 0E00      00645         MOVLW   HIGH(_listLCD)
0158 2200      00646         ADDWFC  r0x09, F
015A 2A00      00647         INCF    r0x08, F
015C B0D8      00648         BTFSC   STATUS, 0
gpasm-0.13.7 beta               Objects/LCDCircularList.asm12-12-2017  12:40:44         PAGE 13


LOC  OBJECT CODE     LINE SOURCE TEXT
  VALUE
 
015E 2A00      00649         INCF    r0x09, F
0160 C000 FFE9 00650         MOVFF   r0x08, FSR0L
0164 C000 FFEA 00651         MOVFF   r0x09, FSR0H
0168 0E00      00652         MOVLW   0x00
016A 6EEF      00653         MOVWF   INDF0
               00654 ;       .line   102; TCPIP_Stack/LCDCircularList.c      listLCD.tail = (listLCD.tail + 1) % OP_LIST_SIZE;
016C 2A00      00655         INCF    r0x06, F
016E B0D8      00656         BTFSC   STATUS, 0
0170 2A00      00657         INCF    r0x07, F
0172 0E00      00658         MOVLW   0x00
0174 6EE5      00659         MOVWF   POSTDEC1
0176 0E0B      00660         MOVLW   0x0b
0178 6EE5      00661         MOVWF   POSTDEC1
017A 5000      00662         MOVF    r0x07, W
017C 6EE5      00663         MOVWF   POSTDEC1
017E 5000      00664         MOVF    r0x06, W
0180 6EE5      00665         MOVWF   POSTDEC1
0182 EC00 F000 00666         CALL    __moduint
0186 6E00      00667         MOVWF   r0x00
0188 CFF3 F000 00668         MOVFF   PRODL, r0x01
018C 0E04      00669         MOVLW   0x04
018E 26E1      00670         ADDWF   FSR1L, F
0190 5000      00671         MOVF    r0x00, W
0192 0000      00672         BANKSEL (_listLCD + 376)
0194 6F00      00673         MOVWF   (_listLCD + 376), B
0196 5000      00674         MOVF    r0x01, W
0198 0000      00675         BANKSEL (_listLCD + 377)
019A 6F00      00676         MOVWF   (_listLCD + 377), B
               00677 ;       .line   103; TCPIP_Stack/LCDCircularList.c      return 0;
019C 6AE8      00678         CLRF    WREG
019E 00679 _00169_DS_:
019E CFE4 F000 00680         MOVFF   PREINC1, r0x0f
01A2 CFE4 F000 00681         MOVFF   PREINC1, r0x0e
01A6 CFE4 F000 00682         MOVFF   PREINC1, r0x0d
01AA CFE4 F000 00683         MOVFF   PREINC1, r0x0c
01AE CFE4 F000 00684         MOVFF   PREINC1, r0x0b
01B2 CFE4 F000 00685         MOVFF   PREINC1, r0x0a
01B6 CFE4 F000 00686         MOVFF   PREINC1, r0x09
01BA CFE4 F000 00687         MOVFF   PREINC1, r0x08
01BE CFE4 F000 00688         MOVFF   PREINC1, r0x07
01C2 CFE4 F000 00689         MOVFF   PREINC1, r0x06
01C6 CFE4 F000 00690         MOVFF   PREINC1, r0x05
01CA CFE4 F000 00691         MOVFF   PREINC1, r0x04
01CE CFE4 F000 00692         MOVFF   PREINC1, r0x03
01D2 CFE4 F000 00693         MOVFF   PREINC1, r0x02
01D6 CFE4 F000 00694         MOVFF   PREINC1, r0x01
01DA CFE4 F000 00695         MOVFF   PREINC1, r0x00
01DE CFE4 FFD9 00696         MOVFF   PREINC1, FSR2L
01E2 0012      00697         RETURN  
               00698 
               00699 ; ; Starting pCode block
               00700 S_LCDCircularList__LCDListPush  code
0000 00701 _LCDListPush:
               00702 ;       .line   66; TCPIP_Stack/LCDCircularList.c       char LCDListPush(char order, char text[])
gpasm-0.13.7 beta               Objects/LCDCircularList.asm12-12-2017  12:40:44         PAGE 14


LOC  OBJECT CODE     LINE SOURCE TEXT
  VALUE
 
0000 CFD9 FFE5 00703         MOVFF   FSR2L, POSTDEC1
0004 CFE1 FFD9 00704         MOVFF   FSR1L, FSR2L
0008 C000 FFE5 00705         MOVFF   r0x00, POSTDEC1
000C C000 FFE5 00706         MOVFF   r0x01, POSTDEC1
0010 C000 FFE5 00707         MOVFF   r0x02, POSTDEC1
0014 C000 FFE5 00708         MOVFF   r0x03, POSTDEC1
0018 C000 FFE5 00709         MOVFF   r0x04, POSTDEC1
001C C000 FFE5 00710         MOVFF   r0x05, POSTDEC1
0020 C000 FFE5 00711         MOVFF   r0x06, POSTDEC1
0024 C000 FFE5 00712         MOVFF   r0x07, POSTDEC1
0028 C000 FFE5 00713         MOVFF   r0x08, POSTDEC1
002C C000 FFE5 00714         MOVFF   r0x09, POSTDEC1
0030 C000 FFE5 00715         MOVFF   r0x0a, POSTDEC1
0034 C000 FFE5 00716         MOVFF   r0x0b, POSTDEC1
0038 C000 FFE5 00717         MOVFF   r0x0c, POSTDEC1
003C C000 FFE5 00718         MOVFF   r0x0d, POSTDEC1
0040 0E02      00719         MOVLW   0x02
0042 CFDB F000 00720         MOVFF   PLUSW2, r0x00
0046 0E03      00721         MOVLW   0x03
0048 CFDB F000 00722         MOVFF   PLUSW2, r0x01
004C 0E04      00723         MOVLW   0x04
004E CFDB F000 00724         MOVFF   PLUSW2, r0x02
0052 0E05      00725         MOVLW   0x05
0054 CFDB F000 00726         MOVFF   PLUSW2, r0x03
0058 0000      00727         BANKSEL _LCDListReady
               00728 ;       .line   70; TCPIP_Stack/LCDCircularList.c       if (!LCDListReady)
005A 5100      00729         MOVF    _LCDListReady, W, B
005C E100      00730         BNZ     _00142_DS_
               00731 ;       .line   71; TCPIP_Stack/LCDCircularList.c       return -1;
005E 68E8      00732         SETF    WREG
0060 D000      00733         BRA     _00149_DS_
0062 00734 _00142_DS_:
               00735 ;       .line   73; TCPIP_Stack/LCDCircularList.c       if (LCDListIsFull())
0062 EC00 F000 00736         CALL    _LCDListIsFull
0066 6E00      00737         MOVWF   r0x04
0068 5000      00738         MOVF    r0x04, W
006A E000      00739         BZ      _00144_DS_
006C 0000      00740         BANKSEL (_listLCD + 376)
               00741 ;       .line   74; TCPIP_Stack/LCDCircularList.c       listLCD.tail = (listLCD.tail + 1) % OP_LIST_SIZE;
006E 5100      00742         MOVF    (_listLCD + 376), W, B
0070 0F01      00743         ADDLW   0x01
0072 6E00      00744         MOVWF   r0x04
0074 0E00      00745         MOVLW   0x00
0076 0000      00746         BANKSEL (_listLCD + 377)
0078 2100      00747         ADDWFC  (_listLCD + 377), W, B
007A 6E00      00748         MOVWF   r0x05
007C 0E00      00749         MOVLW   0x00
007E 6EE5      00750         MOVWF   POSTDEC1
0080 0E0B      00751         MOVLW   0x0b
0082 6EE5      00752         MOVWF   POSTDEC1
0084 5000      00753         MOVF    r0x05, W
0086 6EE5      00754         MOVWF   POSTDEC1
0088 5000      00755         MOVF    r0x04, W
008A 6EE5      00756         MOVWF   POSTDEC1
gpasm-0.13.7 beta               Objects/LCDCircularList.asm12-12-2017  12:40:44         PAGE 15


LOC  OBJECT CODE     LINE SOURCE TEXT
  VALUE
 
008C EC00 F000 00757         CALL    __moduint
0090 6E00      00758         MOVWF   r0x04
0092 CFF3 F000 00759         MOVFF   PRODL, r0x05
0096 0E04      00760         MOVLW   0x04
0098 26E1      00761         ADDWF   FSR1L, F
009A 5000      00762         MOVF    r0x04, W
009C 0000      00763         BANKSEL (_listLCD + 376)
009E 6F00      00764         MOVWF   (_listLCD + 376), B
00A0 5000      00765         MOVF    r0x05, W
00A2 0000      00766         BANKSEL (_listLCD + 377)
00A4 6F00      00767         MOVWF   (_listLCD + 377), B
00A6 00768 _00144_DS_:
               00769 ;       .line   76; TCPIP_Stack/LCDCircularList.c       listLCD.op[listLCD.head].order = order;
00A6 C000 F000 00770         MOVFF   (_listLCD + 374), r0x04
00AA C000 F000 00771         MOVFF   (_listLCD + 375), r0x05
00AE 5000      00772         MOVF    r0x05, W
00B0 6EE5      00773         MOVWF   POSTDEC1
00B2 5000      00774         MOVF    r0x04, W
00B4 6EE5      00775         MOVWF   POSTDEC1
00B6 0E00      00776         MOVLW   0x00
00B8 6EE5      00777         MOVWF   POSTDEC1
00BA 0E22      00778         MOVLW   0x22
00BC 6EE5      00779         MOVWF   POSTDEC1
00BE EC00 F000 00780         CALL    __mulint
00C2 6E00      00781         MOVWF   r0x06
00C4 CFF3 F000 00782         MOVFF   PRODL, r0x07
00C8 0E04      00783         MOVLW   0x04
00CA 26E1      00784         ADDWF   FSR1L, F
00CC 0E00      00785         MOVLW   LOW(_listLCD)
00CE 2400      00786         ADDWF   r0x06, W
00D0 6E00      00787         MOVWF   r0x08
00D2 0E00      00788         MOVLW   HIGH(_listLCD)
00D4 2000      00789         ADDWFC  r0x07, W
00D6 6E00      00790         MOVWF   r0x09
00D8 C000 FFE9 00791         MOVFF   r0x08, FSR0L
00DC C000 FFEA 00792         MOVFF   r0x09, FSR0H
00E0 C000 FFEF 00793         MOVFF   r0x00, INDF0
               00794 ;       .line   78; TCPIP_Stack/LCDCircularList.c       for (i=0; i<ROWCHARS*2+1; i++)
00E4 0E00      00795         MOVLW   LOW(_listLCD)
00E6 2600      00796         ADDWF   r0x06, F
00E8 0E00      00797         MOVLW   HIGH(_listLCD)
00EA 2200      00798         ADDWFC  r0x07, F
00EC 5000      00799         MOVF    r0x06, W
00EE 0F01      00800         ADDLW   0x01
00F0 6E00      00801         MOVWF   r0x06
00F2 0E00      00802         MOVLW   0x00
00F4 2000      00803         ADDWFC  r0x07, W
00F6 6E00      00804         MOVWF   r0x00
00F8 6A00      00805         CLRF    r0x07
00FA 6A00      00806         CLRF    r0x08
00FC 00807 _00145_DS_:
00FC 0E00      00808         MOVLW   0x00
00FE 5C00      00809         SUBWF   r0x08, W
0100 E100      00810         BNZ     _00156_DS_
gpasm-0.13.7 beta               Objects/LCDCircularList.asm12-12-2017  12:40:44         PAGE 16


LOC  OBJECT CODE     LINE SOURCE TEXT
  VALUE
 
0102 0E21      00811         MOVLW   0x21
0104 5C00      00812         SUBWF   r0x07, W
0106 00813 _00156_DS_:
0106 E200      00814         BC      _00148_DS_
               00815 ;       .line   79; TCPIP_Stack/LCDCircularList.c       listLCD.op[listLCD.head].text[i] = text[i];
0108 5000      00816         MOVF    r0x07, W
010A 2400      00817         ADDWF   r0x06, W
010C 6E00      00818         MOVWF   r0x09
010E 5000      00819         MOVF    r0x08, W
0110 2000      00820         ADDWFC  r0x00, W
0112 6E00      00821         MOVWF   r0x0a
0114 5000      00822         MOVF    r0x07, W
0116 2400      00823         ADDWF   r0x01, W
0118 6E00      00824         MOVWF   r0x0b
011A 5000      00825         MOVF    r0x08, W
011C 2000      00826         ADDWFC  r0x02, W
011E 6E00      00827         MOVWF   r0x0c
0120 6AE8      00828         CLRF    WREG
0122 2000      00829         ADDWFC  r0x03, W
0124 6E00      00830         MOVWF   r0x0d
0126 C000 FFE9 00831         MOVFF   r0x0b, FSR0L
012A C000 FFF3 00832         MOVFF   r0x0c, PRODL
012E 5000      00833         MOVF    r0x0d, W
0130 EC00 F000 00834         CALL    __gptrget1
0134 6E00      00835         MOVWF   r0x0b
0136 C000 FFE9 00836         MOVFF   r0x09, FSR0L
013A C000 FFEA 00837         MOVFF   r0x0a, FSR0H
013E C000 FFEF 00838         MOVFF   r0x0b, INDF0
               00839 ;       .line   78; TCPIP_Stack/LCDCircularList.c       for (i=0; i<ROWCHARS*2+1; i++)
0142 2A00      00840         INCF    r0x07, F
0144 B0D8      00841         BTFSC   STATUS, 0
0146 2A00      00842         INCF    r0x08, F
0148 D000      00843         BRA     _00145_DS_
014A 00844 _00148_DS_:
               00845 ;       .line   81; TCPIP_Stack/LCDCircularList.c       listLCD.head = (listLCD.head + 1) % OP_LIST_SIZE;
014A 2A00      00846         INCF    r0x04, F
014C B0D8      00847         BTFSC   STATUS, 0
014E 2A00      00848         INCF    r0x05, F
0150 0E00      00849         MOVLW   0x00
0152 6EE5      00850         MOVWF   POSTDEC1
0154 0E0B      00851         MOVLW   0x0b
0156 6EE5      00852         MOVWF   POSTDEC1
0158 5000      00853         MOVF    r0x05, W
015A 6EE5      00854         MOVWF   POSTDEC1
015C 5000      00855         MOVF    r0x04, W
015E 6EE5      00856         MOVWF   POSTDEC1
0160 EC00 F000 00857         CALL    __moduint
0164 6E00      00858         MOVWF   r0x00
0166 CFF3 F000 00859         MOVFF   PRODL, r0x01
016A 0E04      00860         MOVLW   0x04
016C 26E1      00861         ADDWF   FSR1L, F
016E 5000      00862         MOVF    r0x00, W
0170 0000      00863         BANKSEL (_listLCD + 374)
0172 6F00      00864         MOVWF   (_listLCD + 374), B
gpasm-0.13.7 beta               Objects/LCDCircularList.asm12-12-2017  12:40:44         PAGE 17


LOC  OBJECT CODE     LINE SOURCE TEXT
  VALUE
 
0174 5000      00865         MOVF    r0x01, W
0176 0000      00866         BANKSEL (_listLCD + 375)
0178 6F00      00867         MOVWF   (_listLCD + 375), B
               00868 ;       .line   82; TCPIP_Stack/LCDCircularList.c       return 0;
017A 6AE8      00869         CLRF    WREG
017C 00870 _00149_DS_:
017C CFE4 F000 00871         MOVFF   PREINC1, r0x0d
0180 CFE4 F000 00872         MOVFF   PREINC1, r0x0c
0184 CFE4 F000 00873         MOVFF   PREINC1, r0x0b
0188 CFE4 F000 00874         MOVFF   PREINC1, r0x0a
018C CFE4 F000 00875         MOVFF   PREINC1, r0x09
0190 CFE4 F000 00876         MOVFF   PREINC1, r0x08
0194 CFE4 F000 00877         MOVFF   PREINC1, r0x07
0198 CFE4 F000 00878         MOVFF   PREINC1, r0x06
019C CFE4 F000 00879         MOVFF   PREINC1, r0x05
01A0 CFE4 F000 00880         MOVFF   PREINC1, r0x04
01A4 CFE4 F000 00881         MOVFF   PREINC1, r0x03
01A8 CFE4 F000 00882         MOVFF   PREINC1, r0x02
01AC CFE4 F000 00883         MOVFF   PREINC1, r0x01
01B0 CFE4 F000 00884         MOVFF   PREINC1, r0x00
01B4 CFE4 FFD9 00885         MOVFF   PREINC1, FSR2L
01B8 0012      00886         RETURN  
               00887 
               00888 ; ; Starting pCode block
               00889 S_LCDCircularList__LCDListIsFull        code
0000 00890 _LCDListIsFull:
               00891 ;       .line   58; TCPIP_Stack/LCDCircularList.c       char LCDListIsFull(void)
0000 CFD9 FFE5 00892         MOVFF   FSR2L, POSTDEC1
0004 CFE1 FFD9 00893         MOVFF   FSR1L, FSR2L
0008 C000 FFE5 00894         MOVFF   r0x00, POSTDEC1
000C C000 FFE5 00895         MOVFF   r0x01, POSTDEC1
0010 C000 FFE5 00896         MOVFF   r0x02, POSTDEC1
0014 C000 FFE5 00897         MOVFF   r0x03, POSTDEC1
0018 0000      00898         BANKSEL _LCDListReady
               00899 ;       .line   61; TCPIP_Stack/LCDCircularList.c       if (!LCDListReady)
001A 5100      00900         MOVF    _LCDListReady, W, B
001C E100      00901         BNZ     _00131_DS_
               00902 ;       .line   62; TCPIP_Stack/LCDCircularList.c       return -1;
001E 68E8      00903         SETF    WREG
0020 D000      00904         BRA     _00132_DS_
0022 00905 _00131_DS_:
               00906 ;       .line   63; TCPIP_Stack/LCDCircularList.c       return (listLCD.tail == ((listLCD.head + 1) % OP_LIST_SIZE));
0022 C000 F000 00907         MOVFF   (_listLCD + 376), r0x00
0026 C000 F000 00908         MOVFF   (_listLCD + 377), r0x01
002A 0000      00909         BANKSEL (_listLCD + 374)
002C 5100      00910         MOVF    (_listLCD + 374), W, B
002E 0F01      00911         ADDLW   0x01
0030 6E00      00912         MOVWF   r0x02
0032 0E00      00913         MOVLW   0x00
0034 0000      00914         BANKSEL (_listLCD + 375)
0036 2100      00915         ADDWFC  (_listLCD + 375), W, B
0038 6E00      00916         MOVWF   r0x03
003A 0E00      00917         MOVLW   0x00
003C 6EE5      00918         MOVWF   POSTDEC1
gpasm-0.13.7 beta               Objects/LCDCircularList.asm12-12-2017  12:40:44         PAGE 18


LOC  OBJECT CODE     LINE SOURCE TEXT
  VALUE
 
003E 0E0B      00919         MOVLW   0x0b
0040 6EE5      00920         MOVWF   POSTDEC1
0042 5000      00921         MOVF    r0x03, W
0044 6EE5      00922         MOVWF   POSTDEC1
0046 5000      00923         MOVF    r0x02, W
0048 6EE5      00924         MOVWF   POSTDEC1
004A EC00 F000 00925         CALL    __moduint
004E 6E00      00926         MOVWF   r0x02
0050 CFF3 F000 00927         MOVFF   PRODL, r0x03
0054 0E04      00928         MOVLW   0x04
0056 26E1      00929         ADDWF   FSR1L, F
0058 5000      00930         MOVF    r0x00, W
005A 1800      00931         XORWF   r0x02, W
005C E100      00932         BNZ     _00135_DS_
005E 5000      00933         MOVF    r0x01, W
0060 1800      00934         XORWF   r0x03, W
0062 E100      00935         BNZ     _00135_DS_
0064 6A00      00936         CLRF    r0x00
0066 2A00      00937         INCF    r0x00, F
0068 D000      00938         BRA     _00136_DS_
006A 00939 _00135_DS_:
006A 6A00      00940         CLRF    r0x00
006C 00941 _00136_DS_:
006C 5000      00942         MOVF    r0x00, W
006E 00943 _00132_DS_:
006E CFE4 F000 00944         MOVFF   PREINC1, r0x03
0072 CFE4 F000 00945         MOVFF   PREINC1, r0x02
0076 CFE4 F000 00946         MOVFF   PREINC1, r0x01
007A CFE4 F000 00947         MOVFF   PREINC1, r0x00
007E CFE4 FFD9 00948         MOVFF   PREINC1, FSR2L
0082 0012      00949         RETURN  
               00950 
               00951 ; ; Starting pCode block
               00952 S_LCDCircularList__LCDListIsEmpty       code
0000 00953 _LCDListIsEmpty:
               00954 ;       .line   50; TCPIP_Stack/LCDCircularList.c       char LCDListIsEmpty(void)
0000 CFD9 FFE5 00955         MOVFF   FSR2L, POSTDEC1
0004 CFE1 FFD9 00956         MOVFF   FSR1L, FSR2L
0008 C000 FFE5 00957         MOVFF   r0x00, POSTDEC1
000C 0000      00958         BANKSEL _LCDListReady
               00959 ;       .line   53; TCPIP_Stack/LCDCircularList.c       if (!LCDListReady)
000E 5100      00960         MOVF    _LCDListReady, W, B
0010 E100      00961         BNZ     _00120_DS_
               00962 ;       .line   54; TCPIP_Stack/LCDCircularList.c       return -1;
0012 68E8      00963         SETF    WREG
0014 D000      00964         BRA     _00121_DS_
0016 00965 _00120_DS_:
               00966 ;       .line   55; TCPIP_Stack/LCDCircularList.c       return (listLCD.head == listLCD.tail);
0016 6A00      00967         CLRF    r0x00
0018 0000      00968         BANKSEL (_listLCD + 374)
001A 5100      00969         MOVF    (_listLCD + 374), W, B
001C 0000      00970         BANKSEL (_listLCD + 376)
001E 1900      00971         XORWF   (_listLCD + 376), W, B
0020 E100      00972         BNZ     _00125_DS_
gpasm-0.13.7 beta               Objects/LCDCircularList.asm12-12-2017  12:40:44         PAGE 19


LOC  OBJECT CODE     LINE SOURCE TEXT
  VALUE
 
0022 0000      00973         BANKSEL (_listLCD + 375)
0024 5100      00974         MOVF    (_listLCD + 375), W, B
0026 0000      00975         BANKSEL (_listLCD + 377)
0028 1900      00976         XORWF   (_listLCD + 377), W, B
002A E100      00977         BNZ     _00125_DS_
002C 2A00      00978         INCF    r0x00, F
002E 00979 _00125_DS_:
002E 5000      00980         MOVF    r0x00, W
0030 00981 _00121_DS_:
0030 CFE4 F000 00982         MOVFF   PREINC1, r0x00
0034 CFE4 FFD9 00983         MOVFF   PREINC1, FSR2L
0038 0012      00984         RETURN  
               00985 
               00986 ; ; Starting pCode block
               00987 S_LCDCircularList__LCDListInit  code
0000 00988 _LCDListInit:
               00989 ;       .line   34; TCPIP_Stack/LCDCircularList.c       char LCDListInit()
0000 CFD9 FFE5 00990         MOVFF   FSR2L, POSTDEC1
0004 CFE1 FFD9 00991         MOVFF   FSR1L, FSR2L
0008 C000 FFE5 00992         MOVFF   r0x00, POSTDEC1
000C C000 FFE5 00993         MOVFF   r0x01, POSTDEC1
0010 C000 FFE5 00994         MOVFF   r0x02, POSTDEC1
0014 C000 FFE5 00995         MOVFF   r0x03, POSTDEC1
0018 C000 FFE5 00996         MOVFF   r0x04, POSTDEC1
001C C000 FFE5 00997         MOVFF   r0x05, POSTDEC1
0020 0000      00998         BANKSEL (_listLCD + 374)
               00999 ;       .line   37; TCPIP_Stack/LCDCircularList.c       listLCD.head = 0;
0022 6B00      01000         CLRF    (_listLCD + 374), B
0024 0000      01001         BANKSEL (_listLCD + 375)
0026 6B00      01002         CLRF    (_listLCD + 375), B
0028 0000      01003         BANKSEL (_listLCD + 376)
               01004 ;       .line   38; TCPIP_Stack/LCDCircularList.c       listLCD.tail = 0;
002A 6B00      01005         CLRF    (_listLCD + 376), B
002C 0000      01006         BANKSEL (_listLCD + 377)
002E 6B00      01007         CLRF    (_listLCD + 377), B
               01008 ;       .line   40; TCPIP_Stack/LCDCircularList.c       for (i=0; i<OP_LIST_SIZE; i++)
0030 6A00      01009         CLRF    r0x00
0032 6A00      01010         CLRF    r0x01
0034 6A00      01011         CLRF    r0x02
0036 6A00      01012         CLRF    r0x03
0038 01013 _00105_DS_:
0038 0E00      01014         MOVLW   0x00
003A 5C00      01015         SUBWF   r0x01, W
003C E100      01016         BNZ     _00114_DS_
003E 0E0B      01017         MOVLW   0x0b
0040 5C00      01018         SUBWF   r0x00, W
0042 01019 _00114_DS_:
0042 E200      01020         BC      _00108_DS_
               01021 ;       .line   42; TCPIP_Stack/LCDCircularList.c       listLCD.op[i].order = 0;
0044 0E00      01022         MOVLW   LOW(_listLCD)
0046 2400      01023         ADDWF   r0x02, W
0048 6E00      01024         MOVWF   r0x04
004A 0E00      01025         MOVLW   HIGH(_listLCD)
004C 2000      01026         ADDWFC  r0x03, W
gpasm-0.13.7 beta               Objects/LCDCircularList.asm12-12-2017  12:40:44         PAGE 20


LOC  OBJECT CODE     LINE SOURCE TEXT
  VALUE
 
004E 6E00      01027         MOVWF   r0x05
0050 C000 FFE9 01028         MOVFF   r0x04, FSR0L
0054 C000 FFEA 01029         MOVFF   r0x05, FSR0H
0058 0E00      01030         MOVLW   0x00
005A 6EEF      01031         MOVWF   INDF0
               01032 ;       .line   43; TCPIP_Stack/LCDCircularList.c       listLCD.op[i].text[0] = '\0';
005C 0E00      01033         MOVLW   LOW(_listLCD)
005E 2400      01034         ADDWF   r0x02, W
0060 6E00      01035         MOVWF   r0x04
0062 0E00      01036         MOVLW   HIGH(_listLCD)
0064 2000      01037         ADDWFC  r0x03, W
0066 6E00      01038         MOVWF   r0x05
0068 2A00      01039         INCF    r0x04, F
006A B0D8      01040         BTFSC   STATUS, 0
006C 2A00      01041         INCF    r0x05, F
006E C000 FFE9 01042         MOVFF   r0x04, FSR0L
0072 C000 FFEA 01043         MOVFF   r0x05, FSR0H
0076 0E00      01044         MOVLW   0x00
0078 6EEF      01045         MOVWF   INDF0
               01046 ;       .line   40; TCPIP_Stack/LCDCircularList.c       for (i=0; i<OP_LIST_SIZE; i++)
007A 0E22      01047         MOVLW   0x22
007C 2600      01048         ADDWF   r0x02, F
007E B0D8      01049         BTFSC   STATUS, 0
0080 2A00      01050         INCF    r0x03, F
0082 2A00      01051         INCF    r0x00, F
0084 B0D8      01052         BTFSC   STATUS, 0
0086 2A00      01053         INCF    r0x01, F
0088 D000      01054         BRA     _00105_DS_
008A 01055 _00108_DS_:
               01056 ;       .line   46; TCPIP_Stack/LCDCircularList.c       LCDListReady = 1;
008A 0E01      01057         MOVLW   0x01
008C 0000      01058         BANKSEL _LCDListReady
008E 6F00      01059         MOVWF   _LCDListReady, B
               01060 ;       .line   47; TCPIP_Stack/LCDCircularList.c       return 0;
0090 6AE8      01061         CLRF    WREG
0092 CFE4 F000 01062         MOVFF   PREINC1, r0x05
0096 CFE4 F000 01063         MOVFF   PREINC1, r0x04
009A CFE4 F000 01064         MOVFF   PREINC1, r0x03
009E CFE4 F000 01065         MOVFF   PREINC1, r0x02
00A2 CFE4 F000 01066         MOVFF   PREINC1, r0x01
00A6 CFE4 F000 01067         MOVFF   PREINC1, r0x00
00AA CFE4 FFD9 01068         MOVFF   PREINC1, FSR2L
00AE 0012      01069         RETURN  
               01070 
               01071 
               01072 
               01073 ; Statistics:
               01074 ; code size:     1292 (0x050c) bytes ( 0.99%)
               01075 ;                 646 (0x0286) words
               01076 ; udata size:     378 (0x017a) bytes ( 9.84%)
               01077 ; access size:     16 (0x0010) bytes
               01078 
               01079 
gpasm-0.13.7 beta               Objects/LCDCircularList.asm12-12-2017  12:40:44         PAGE 21


SYMBOL TABLE
  LABEL                             VALUE 

FSR0H                             00000FEA
FSR0L                             00000FE9
FSR1L                             00000FE1
FSR2L                             00000FD9
INDF0                             00000FEF
PLUSW2                            00000FDB
POSTDEC1                          00000FE5
PREINC1                           00000FE4
PRODL                             00000FF3
STATUS                            00000FD8
WREG                              00000FE8
_00105_DS_                        00000038
_00108_DS_                        0000008A
_00114_DS_                        00000042
_00120_DS_                        00000016
_00121_DS_                        00000030
_00125_DS_                        0000002E
_00131_DS_                        00000022
_00132_DS_                        0000006E
_00135_DS_                        0000006A
_00136_DS_                        0000006C
_00142_DS_                        00000062
_00144_DS_                        000000A6
_00145_DS_                        000000FC
_00148_DS_                        0000014A
_00149_DS_                        0000017C
_00156_DS_                        00000106
_00162_DS_                        00000076
_00164_DS_                        00000084
_00165_DS_                        000000EA
_00168_DS_                        0000013A
_00169_DS_                        0000019E
_00176_DS_                        000000F4
_ADCON0                           00000000
_ADCON0bits                       00000000
_ADCON1                           00000000
_ADCON1bits                       00000000
_ADCON2                           00000000
_ADCON2bits                       00000000
_ADRES                            00000000
_ADRESH                           00000000
_ADRESL                           00000000
_AN0String                        00000000
_AppConfig                        00000000
_BAUDCON                          00000000
_BAUDCON1                         00000000
_BAUDCON1bits                     00000000
_BAUDCON2                         00000000
_BAUDCON2bits                     00000000
_BAUDCONbits                      00000000
_BAUDCTL                          00000000
_BAUDCTL1                         00000000
_BAUDCTL1bits                     00000000
gpasm-0.13.7 beta               Objects/LCDCircularList.asm12-12-2017  12:40:44         PAGE 22


LOC  OBJECT CODE     LINE SOURCE TEXT
  VALUE
 
_BAUDCTL2                         00000000
_BAUDCTL2bits                     00000000
_BAUDCTLbits                      00000000
_BSR                              00000000
_CCP1CON                          00000000
_CCP1CONbits                      00000000
_CCP2CON                          00000000
_CCP2CONbits                      00000000
_CCP3CON                          00000000
_CCP3CONbits                      00000000
_CCP4CON                          00000000
_CCP4CONbits                      00000000
_CCP5CON                          00000000
_CCP5CONbits                      00000000
_CCPR1                            00000000
_CCPR1H                           00000000
_CCPR1L                           00000000
_CCPR2                            00000000
_CCPR2H                           00000000
_CCPR2L                           00000000
_CCPR3                            00000000
_CCPR3H                           00000000
_CCPR3L                           00000000
_CCPR4                            00000000
_CCPR4H                           00000000
_CCPR4L                           00000000
_CCPR5                            00000000
_CCPR5H                           00000000
_CCPR5L                           00000000
_CMCON                            00000000
_CMCONbits                        00000000
_CVRCON                           00000000
_CVRCONbits                       00000000
_DDRA                             00000000
_DDRAbits                         00000000
_DDRB                             00000000
_DDRBbits                         00000000
_DDRC                             00000000
_DDRCbits                         00000000
_DDRD                             00000000
_DDRDbits                         00000000
_DDRE                             00000000
_DDREbits                         00000000
_DDRF                             00000000
_DDRFbits                         00000000
_DDRG                             00000000
_DDRGbits                         00000000
_DDRH                             00000000
_DDRHbits                         00000000
_DDRJ                             00000000
_DDRJbits                         00000000
_EBSTCON                          00000000
_EBSTCONbits                      00000000
_EBSTCS                           00000000
gpasm-0.13.7 beta               Objects/LCDCircularList.asm12-12-2017  12:40:44         PAGE 23


LOC  OBJECT CODE     LINE SOURCE TEXT
  VALUE
 
_EBSTCSH                          00000000
_EBSTCSL                          00000000
_EBSTSD                           00000000
_ECCP1AS                          00000000
_ECCP1ASbits                      00000000
_ECCP1CON                         00000000
_ECCP1CONbits                     00000000
_ECCP1DEL                         00000000
_ECCP1DELbits                     00000000
_ECCP2AS                          00000000
_ECCP2ASbits                      00000000
_ECCP2CON                         00000000
_ECCP2CONbits                     00000000
_ECCP2DEL                         00000000
_ECCP2DELbits                     00000000
_ECCP3AS                          00000000
_ECCP3ASbits                      00000000
_ECCP3CON                         00000000
_ECCP3CONbits                     00000000
_ECCP3DEL                         00000000
_ECCP3DELbits                     00000000
_ECON1                            00000000
_ECON1bits                        00000000
_ECON2                            00000000
_ECON2bits                        00000000
_EDATA                            00000000
_EDATAbits                        00000000
_EDMACS                           00000000
_EDMACSH                          00000000
_EDMACSL                          00000000
_EDMADST                          00000000
_EDMADSTH                         00000000
_EDMADSTL                         00000000
_EDMAND                           00000000
_EDMANDH                          00000000
_EDMANDL                          00000000
_EDMAST                           00000000
_EDMASTH                          00000000
_EDMASTL                          00000000
_EECON1                           00000000
_EECON1bits                       00000000
_EECON2                           00000000
_EFLOCON                          00000000
_EFLOCONbits                      00000000
_EHT0                             00000000
_EHT1                             00000000
_EHT2                             00000000
_EHT3                             00000000
_EHT4                             00000000
_EHT5                             00000000
_EHT6                             00000000
_EHT7                             00000000
_EIE                              00000000
_EIEbits                          00000000
gpasm-0.13.7 beta               Objects/LCDCircularList.asm12-12-2017  12:40:44         PAGE 24


LOC  OBJECT CODE     LINE SOURCE TEXT
  VALUE
 
_EIR                              00000000
_EIRbits                          00000000
_EPAUS                            00000000
_EPAUSH                           00000000
_EPAUSL                           00000000
_EPKTCNT                          00000000
_EPMCS                            00000000
_EPMCSH                           00000000
_EPMCSL                           00000000
_EPMM0                            00000000
_EPMM1                            00000000
_EPMM2                            00000000
_EPMM3                            00000000
_EPMM4                            00000000
_EPMM5                            00000000
_EPMM6                            00000000
_EPMM7                            00000000
_EPMO                             00000000
_EPMOH                            00000000
_EPMOL                            00000000
_ERDPT                            00000000
_ERDPTH                           00000000
_ERDPTL                           00000000
_ERXFCON                          00000000
_ERXFCONbits                      00000000
_ERXND                            00000000
_ERXNDH                           00000000
_ERXNDL                           00000000
_ERXRDPT                          00000000
_ERXRDPTH                         00000000
_ERXRDPTL                         00000000
_ERXST                            00000000
_ERXSTH                           00000000
_ERXSTL                           00000000
_ERXWRPT                          00000000
_ERXWRPTH                         00000000
_ERXWRPTL                         00000000
_ESTAT                            00000000
_ESTATbits                        00000000
_ETXND                            00000000
_ETXNDH                           00000000
_ETXNDL                           00000000
_ETXST                            00000000
_ETXSTH                           00000000
_ETXSTL                           00000000
_EWOLIE                           00000000
_EWOLIEbits                       00000000
_EWOLIR                           00000000
_EWOLIRbits                       00000000
_EWRPT                            00000000
_EWRPTH                           00000000
_EWRPTL                           00000000
_FSR0H                            00000000
_FSR0L                            00000000
gpasm-0.13.7 beta               Objects/LCDCircularList.asm12-12-2017  12:40:44         PAGE 25


LOC  OBJECT CODE     LINE SOURCE TEXT
  VALUE
 
_FSR1H                            00000000
_FSR1L                            00000000
_FSR2H                            00000000
_FSR2L                            00000000
_INDF0                            00000000
_INDF1                            00000000
_INDF2                            00000000
_INTCON                           00000000
_INTCON2                          00000000
_INTCON2bits                      00000000
_INTCON3                          00000000
_INTCON3bits                      00000000
_INTCONbits                       00000000
_IPR1                             00000000
_IPR1bits                         00000000
_IPR2                             00000000
_IPR2bits                         00000000
_IPR3                             00000000
_IPR3bits                         00000000
_LATA                             00000000
_LATAbits                         00000000
_LATB                             00000000
_LATBbits                         00000000
_LATC                             00000000
_LATCbits                         00000000
_LATD                             00000000
_LATDbits                         00000000
_LATE                             00000000
_LATEbits                         00000000
_LATF                             00000000
_LATFbits                         00000000
_LATG                             00000000
_LATGbits                         00000000
_LATH                             00000000
_LATHbits                         00000000
_LATJ                             00000000
_LATJbits                         00000000
_LCDListInit                      00000000
_LCDListIsEmpty                   00000000
_LCDListIsFull                    00000000
_LCDListPop                       00000000
_LCDListPush                      00000000
_LCDListReady                     00000000
_LCDText                          00000000
_MAADR1                           00000000
_MAADR2                           00000000
_MAADR3                           00000000
_MAADR4                           00000000
_MAADR5                           00000000
_MAADR6                           00000000
_MABBIPG                          00000000
_MACLCON1                         00000000
_MACLCON1bits                     00000000
_MACLCON2                         00000000
gpasm-0.13.7 beta               Objects/LCDCircularList.asm12-12-2017  12:40:44         PAGE 26


LOC  OBJECT CODE     LINE SOURCE TEXT
  VALUE
 
_MACLCON2bits                     00000000
_MACON1                           00000000
_MACON1bits                       00000000
_MACON2                           00000000
_MACON2bits                       00000000
_MACON3                           00000000
_MACON3bits                       00000000
_MACON4                           00000000
_MACON4bits                       00000000
_MAIPG                            00000000
_MAIPGH                           00000000
_MAIPGL                           00000000
_MAMXFL                           00000000
_MAMXFLH                          00000000
_MAMXFLL                          00000000
_MEMCON                           00000000
_MEMCONbits                       00000000
_MICMD                            00000000
_MICMDbits                        00000000
_MICON                            00000000
_MICONbits                        00000000
_MIRD                             00000000
_MIRDH                            00000000
_MIRDL                            00000000
_MIREGADR                         00000000
_MISTAT                           00000000
_MISTATbits                       00000000
_MIWR                             00000000
_MIWRH                            00000000
_MIWRL                            00000000
_OSCCON                           00000000
_OSCCONbits                       00000000
_OSCTUNE                          00000000
_OSCTUNEbits                      00000000
_PC                               00000000
_PCL                              00000000
_PCLATH                           00000000
_PCLATU                           00000000
_PIE1                             00000000
_PIE1bits                         00000000
_PIE2                             00000000
_PIE2bits                         00000000
_PIE3                             00000000
_PIE3bits                         00000000
_PIR1                             00000000
_PIR1bits                         00000000
_PIR2                             00000000
_PIR2bits                         00000000
_PIR3                             00000000
_PIR3bits                         00000000
_PLUSW0                           00000000
_PLUSW1                           00000000
_PLUSW2                           00000000
_PORTA                            00000000
gpasm-0.13.7 beta               Objects/LCDCircularList.asm12-12-2017  12:40:44         PAGE 27


LOC  OBJECT CODE     LINE SOURCE TEXT
  VALUE
 
_PORTAbits                        00000000
_PORTB                            00000000
_PORTBbits                        00000000
_PORTC                            00000000
_PORTCbits                        00000000
_PORTD                            00000000
_PORTDbits                        00000000
_PORTE                            00000000
_PORTEbits                        00000000
_PORTF                            00000000
_PORTFbits                        00000000
_PORTG                            00000000
_PORTGbits                        00000000
_PORTH                            00000000
_PORTHbits                        00000000
_PORTJ                            00000000
_PORTJbits                        00000000
_POSTDEC0                         00000000
_POSTDEC1                         00000000
_POSTDEC2                         00000000
_POSTINC0                         00000000
_POSTINC1                         00000000
_POSTINC2                         00000000
_PR2                              00000000
_PR4                              00000000
_PREINC0                          00000000
_PREINC1                          00000000
_PREINC2                          00000000
_PROD                             00000000
_PRODH                            00000000
_PRODL                            00000000
_PSPCON                           00000000
_PSPCONbits                       00000000
_RCON                             00000000
_RCONbits                         00000000
_RCREG                            00000000
_RCREG1                           00000000
_RCREG2                           00000000
_RCSTA                            00000000
_RCSTA1                           00000000
_RCSTA1bits                       00000000
_RCSTA2                           00000000
_RCSTA2bits                       00000000
_RCSTAbits                        00000000
_SPBRG                            00000000
_SPBRG1                           00000000
_SPBRG2                           00000000
_SPBRGH                           00000000
_SPBRGH1                          00000000
_SPBRGH2                          00000000
_SSP1ADD                          00000000
_SSP1BUF                          00000000
_SSP1CON1                         00000000
_SSP1CON1bits                     00000000
gpasm-0.13.7 beta               Objects/LCDCircularList.asm12-12-2017  12:40:44         PAGE 28


LOC  OBJECT CODE     LINE SOURCE TEXT
  VALUE
 
_SSP1CON2                         00000000
_SSP1CON2bits                     00000000
_SSP1STAT                         00000000
_SSP1STATbits                     00000000
_SSP2ADD                          00000000
_SSP2BUF                          00000000
_SSP2CON1                         00000000
_SSP2CON1bits                     00000000
_SSP2CON2                         00000000
_SSP2CON2bits                     00000000
_SSP2STAT                         00000000
_SSP2STATbits                     00000000
_SSPADD                           00000000
_SSPBUF                           00000000
_SSPCON1                          00000000
_SSPCON1bits                      00000000
_SSPCON2                          00000000
_SSPCON2bits                      00000000
_SSPSTAT                          00000000
_SSPSTATbits                      00000000
_STATUS                           00000000
_STATUSbits                       00000000
_STKPTR                           00000000
_STKPTRbits                       00000000
_T0CON                            00000000
_T0CONbits                        00000000
_T1CON                            00000000
_T1CONbits                        00000000
_T2CON                            00000000
_T2CONbits                        00000000
_T3CON                            00000000
_T3CONbits                        00000000
_T4CON                            00000000
_T4CONbits                        00000000
_TABLAT                           00000000
_TBLPTR                           00000000
_TBLPTRH                          00000000
_TBLPTRL                          00000000
_TBLPTRU                          00000000
_TMR0H                            00000000
_TMR0L                            00000000
_TMR1H                            00000000
_TMR1L                            00000000
_TMR2                             00000000
_TMR3H                            00000000
_TMR3L                            00000000
_TMR4                             00000000
_TOS                              00000000
_TOSH                             00000000
_TOSL                             00000000
_TOSU                             00000000
_TRISA                            00000000
_TRISAbits                        00000000
_TRISB                            00000000
gpasm-0.13.7 beta               Objects/LCDCircularList.asm12-12-2017  12:40:44         PAGE 29


LOC  OBJECT CODE     LINE SOURCE TEXT
  VALUE
 
_TRISBbits                        00000000
_TRISC                            00000000
_TRISCbits                        00000000
_TRISD                            00000000
_TRISDbits                        00000000
_TRISE                            00000000
_TRISEbits                        00000000
_TRISF                            00000000
_TRISFbits                        00000000
_TRISG                            00000000
_TRISGbits                        00000000
_TRISH                            00000000
_TRISHbits                        00000000
_TRISJ                            00000000
_TRISJbits                        00000000
_TXREG                            00000000
_TXREG1                           00000000
_TXREG2                           00000000
_TXSTA                            00000000
_TXSTA1                           00000000
_TXSTA1bits                       00000000
_TXSTA2                           00000000
_TXSTA2bits                       00000000
_TXSTAbits                        00000000
_UDPRxCount                       00000000
_UDPSocketInfo                    00000000
_UDPTxCount                       00000000
_WDTCON                           00000000
_WDTCONbits                       00000000
_WREG                             00000000
__18F97J60                        00000001
__gptrget1                        00000000
__gptrput1                        00000000
__moduint                         00000000
__mulint                          00000000
_activeUDPSocket                  00000000
_listLCD                          00000000
_stdin                            00000000
_stdout                           00000000
r0x00                             00000000
r0x01                             00000001
r0x02                             00000002
r0x03                             00000003
r0x04                             00000004
r0x05                             00000005
r0x06                             00000006
r0x07                             00000007
r0x08                             00000008
r0x09                             00000009
r0x0a                             0000000A
r0x0b                             0000000B
r0x0c                             0000000C
r0x0d                             0000000D
r0x0e                             0000000E
gpasm-0.13.7 beta               Objects/LCDCircularList.asm12-12-2017  12:40:44         PAGE 30


LOC  OBJECT CODE     LINE SOURCE TEXT
  VALUE
 
r0x0f                             0000000F


Errors   :       0
Warnings :       0 reported,       0 suppressed
Messages :       0 reported,       0 suppressed

