gpasm-0.13.7 beta               Objects/MainDemo.asm12-10-2017  19:57:47         PAGE  1


LOC  OBJECT CODE     LINE SOURCE TEXT
  VALUE
 
               00001 ;--------------------------------------------------------
               00002 ; File Created by SDCC : free open source ANSI-C Compiler
               00003 ; Version 2.9.4 #5595 (Nov 15 2017) (UNIX)
               00004 ; This file was generated Sun Dec 10 19:57:47 2017
               00005 ;--------------------------------------------------------
               00006 ; PIC16 port for the Microchip 16-bit core micros
               00007 ;--------------------------------------------------------
               00008         list    p=18f97j60
               00009 
               00010         radix dec
               00011 
               00012 ;--------------------------------------------------------
               00013 ; public variables in this module
               00014 ;--------------------------------------------------------
               00015         global _message
               00016         global _AN0String
               00017         global _DisplayWORD
               00018         global _DisplayString
               00019         global _DisplayIPValue
               00020         global _AppConfig
               00021         global _LowISR
               00022         global _HighISR
               00023         global _main
               00024 
               00025 ;--------------------------------------------------------
               00026 ; extern variables in this module
               00027 ;--------------------------------------------------------
               00028         extern _EBSTCONbits
               00029         extern _MISTATbits
               00030         extern _EFLOCONbits
               00031         extern _MACON1bits
               00032         extern _MACON2bits
               00033         extern _MACON3bits
               00034         extern _MACON4bits
               00035         extern _MACLCON1bits
               00036         extern _MACLCON2bits
               00037         extern _MICONbits
               00038         extern _MICMDbits
               00039         extern _EWOLIEbits
               00040         extern _EWOLIRbits
               00041         extern _ERXFCONbits
               00042         extern _EIEbits
               00043         extern _ESTATbits
               00044         extern _ECON2bits
               00045         extern _EIRbits
               00046         extern _EDATAbits
               00047         extern _SSP2CON2bits
               00048         extern _SSP2CON1bits
               00049         extern _SSP2STATbits
               00050         extern _ECCP2DELbits
               00051         extern _ECCP2ASbits
               00052         extern _ECCP3DELbits
               00053         extern _ECCP3ASbits
               00054         extern _RCSTA2bits
gpasm-0.13.7 beta               Objects/MainDemo.asm12-10-2017  19:57:47         PAGE  2


LOC  OBJECT CODE     LINE SOURCE TEXT
  VALUE
 
               00055         extern _TXSTA2bits
               00056         extern _CCP5CONbits
               00057         extern _CCP4CONbits
               00058         extern _T4CONbits
               00059         extern _ECCP1DELbits
               00060         extern _BAUDCON2bits
               00061         extern _BAUDCTL2bits
               00062         extern _BAUDCONbits
               00063         extern _BAUDCON1bits
               00064         extern _BAUDCTLbits
               00065         extern _BAUDCTL1bits
               00066         extern _PORTAbits
               00067         extern _PORTBbits
               00068         extern _PORTCbits
               00069         extern _PORTDbits
               00070         extern _PORTEbits
               00071         extern _PORTFbits
               00072         extern _PORTGbits
               00073         extern _PORTHbits
               00074         extern _PORTJbits
               00075         extern _LATAbits
               00076         extern _LATBbits
               00077         extern _LATCbits
               00078         extern _LATDbits
               00079         extern _LATEbits
               00080         extern _LATFbits
               00081         extern _LATGbits
               00082         extern _LATHbits
               00083         extern _LATJbits
               00084         extern _DDRAbits
               00085         extern _TRISAbits
               00086         extern _DDRBbits
               00087         extern _TRISBbits
               00088         extern _DDRCbits
               00089         extern _TRISCbits
               00090         extern _DDRDbits
               00091         extern _TRISDbits
               00092         extern _DDREbits
               00093         extern _TRISEbits
               00094         extern _DDRFbits
               00095         extern _TRISFbits
               00096         extern _DDRGbits
               00097         extern _TRISGbits
               00098         extern _DDRHbits
               00099         extern _TRISHbits
               00100         extern _DDRJbits
               00101         extern _TRISJbits
               00102         extern _OSCTUNEbits
               00103         extern _MEMCONbits
               00104         extern _PIE1bits
               00105         extern _PIR1bits
               00106         extern _IPR1bits
               00107         extern _PIE2bits
               00108         extern _PIR2bits
gpasm-0.13.7 beta               Objects/MainDemo.asm12-10-2017  19:57:47         PAGE  3


LOC  OBJECT CODE     LINE SOURCE TEXT
  VALUE
 
               00109         extern _IPR2bits
               00110         extern _PIE3bits
               00111         extern _PIR3bits
               00112         extern _IPR3bits
               00113         extern _EECON1bits
               00114         extern _RCSTAbits
               00115         extern _RCSTA1bits
               00116         extern _TXSTAbits
               00117         extern _TXSTA1bits
               00118         extern _PSPCONbits
               00119         extern _T3CONbits
               00120         extern _CMCONbits
               00121         extern _CVRCONbits
               00122         extern _ECCP1ASbits
               00123         extern _CCP3CONbits
               00124         extern _ECCP3CONbits
               00125         extern _CCP2CONbits
               00126         extern _ECCP2CONbits
               00127         extern _CCP1CONbits
               00128         extern _ECCP1CONbits
               00129         extern _ADCON2bits
               00130         extern _ADCON1bits
               00131         extern _ADCON0bits
               00132         extern _SSP1CON2bits
               00133         extern _SSPCON2bits
               00134         extern _SSP1CON1bits
               00135         extern _SSPCON1bits
               00136         extern _SSP1STATbits
               00137         extern _SSPSTATbits
               00138         extern _T2CONbits
               00139         extern _T1CONbits
               00140         extern _RCONbits
               00141         extern _WDTCONbits
               00142         extern _ECON1bits
               00143         extern _OSCCONbits
               00144         extern _T0CONbits
               00145         extern _STATUSbits
               00146         extern _INTCON3bits
               00147         extern _INTCON2bits
               00148         extern _INTCONbits
               00149         extern _STKPTRbits
               00150         extern _stdin
               00151         extern _stdout
               00152         extern _activeUDPSocket
               00153         extern _UDPSocketInfo
               00154         extern _UDPTxCount
               00155         extern _UDPRxCount
               00156         extern _LCDText
               00157         extern _MAADR5
               00158         extern _MAADR6
               00159         extern _MAADR3
               00160         extern _MAADR4
               00161         extern _MAADR1
               00162         extern _MAADR2
gpasm-0.13.7 beta               Objects/MainDemo.asm12-10-2017  19:57:47         PAGE  4


LOC  OBJECT CODE     LINE SOURCE TEXT
  VALUE
 
               00163         extern _EBSTSD
               00164         extern _EBSTCON
               00165         extern _EBSTCS
               00166         extern _EBSTCSL
               00167         extern _EBSTCSH
               00168         extern _MISTAT
               00169         extern _EFLOCON
               00170         extern _EPAUS
               00171         extern _EPAUSL
               00172         extern _EPAUSH
               00173         extern _MACON1
               00174         extern _MACON2
               00175         extern _MACON3
               00176         extern _MACON4
               00177         extern _MABBIPG
               00178         extern _MAIPG
               00179         extern _MAIPGL
               00180         extern _MAIPGH
               00181         extern _MACLCON1
               00182         extern _MACLCON2
               00183         extern _MAMXFL
               00184         extern _MAMXFLL
               00185         extern _MAMXFLH
               00186         extern _MICON
               00187         extern _MICMD
               00188         extern _MIREGADR
               00189         extern _MIWR
               00190         extern _MIWRL
               00191         extern _MIWRH
               00192         extern _MIRD
               00193         extern _MIRDL
               00194         extern _MIRDH
               00195         extern _EHT0
               00196         extern _EHT1
               00197         extern _EHT2
               00198         extern _EHT3
               00199         extern _EHT4
               00200         extern _EHT5
               00201         extern _EHT6
               00202         extern _EHT7
               00203         extern _EPMM0
               00204         extern _EPMM1
               00205         extern _EPMM2
               00206         extern _EPMM3
               00207         extern _EPMM4
               00208         extern _EPMM5
               00209         extern _EPMM6
               00210         extern _EPMM7
               00211         extern _EPMCS
               00212         extern _EPMCSL
               00213         extern _EPMCSH
               00214         extern _EPMO
               00215         extern _EPMOL
               00216         extern _EPMOH
gpasm-0.13.7 beta               Objects/MainDemo.asm12-10-2017  19:57:47         PAGE  5


LOC  OBJECT CODE     LINE SOURCE TEXT
  VALUE
 
               00217         extern _EWOLIE
               00218         extern _EWOLIR
               00219         extern _ERXFCON
               00220         extern _EPKTCNT
               00221         extern _EWRPT
               00222         extern _EWRPTL
               00223         extern _EWRPTH
               00224         extern _ETXST
               00225         extern _ETXSTL
               00226         extern _ETXSTH
               00227         extern _ETXND
               00228         extern _ETXNDL
               00229         extern _ETXNDH
               00230         extern _ERXST
               00231         extern _ERXSTL
               00232         extern _ERXSTH
               00233         extern _ERXND
               00234         extern _ERXNDL
               00235         extern _ERXNDH
               00236         extern _ERXRDPT
               00237         extern _ERXRDPTL
               00238         extern _ERXRDPTH
               00239         extern _ERXWRPT
               00240         extern _ERXWRPTL
               00241         extern _ERXWRPTH
               00242         extern _EDMAST
               00243         extern _EDMASTL
               00244         extern _EDMASTH
               00245         extern _EDMAND
               00246         extern _EDMANDL
               00247         extern _EDMANDH
               00248         extern _EDMADST
               00249         extern _EDMADSTL
               00250         extern _EDMADSTH
               00251         extern _EDMACS
               00252         extern _EDMACSL
               00253         extern _EDMACSH
               00254         extern _EIE
               00255         extern _ESTAT
               00256         extern _ECON2
               00257         extern _EIR
               00258         extern _EDATA
               00259         extern _SSP2CON2
               00260         extern _SSP2CON1
               00261         extern _SSP2STAT
               00262         extern _SSP2ADD
               00263         extern _SSP2BUF
               00264         extern _ECCP2DEL
               00265         extern _ECCP2AS
               00266         extern _ECCP3DEL
               00267         extern _ECCP3AS
               00268         extern _RCSTA2
               00269         extern _TXSTA2
               00270         extern _TXREG2
gpasm-0.13.7 beta               Objects/MainDemo.asm12-10-2017  19:57:47         PAGE  6


LOC  OBJECT CODE     LINE SOURCE TEXT
  VALUE
 
               00271         extern _RCREG2
               00272         extern _SPBRG2
               00273         extern _CCP5CON
               00274         extern _CCPR5
               00275         extern _CCPR5L
               00276         extern _CCPR5H
               00277         extern _CCP4CON
               00278         extern _CCPR4
               00279         extern _CCPR4L
               00280         extern _CCPR4H
               00281         extern _T4CON
               00282         extern _PR4
               00283         extern _TMR4
               00284         extern _ECCP1DEL
               00285         extern _ERDPT
               00286         extern _ERDPTL
               00287         extern _ERDPTH
               00288         extern _BAUDCON2
               00289         extern _BAUDCTL2
               00290         extern _SPBRGH2
               00291         extern _BAUDCON
               00292         extern _BAUDCON1
               00293         extern _BAUDCTL
               00294         extern _BAUDCTL1
               00295         extern _SPBRGH
               00296         extern _SPBRGH1
               00297         extern _PORTA
               00298         extern _PORTB
               00299         extern _PORTC
               00300         extern _PORTD
               00301         extern _PORTE
               00302         extern _PORTF
               00303         extern _PORTG
               00304         extern _PORTH
               00305         extern _PORTJ
               00306         extern _LATA
               00307         extern _LATB
               00308         extern _LATC
               00309         extern _LATD
               00310         extern _LATE
               00311         extern _LATF
               00312         extern _LATG
               00313         extern _LATH
               00314         extern _LATJ
               00315         extern _DDRA
               00316         extern _TRISA
               00317         extern _DDRB
               00318         extern _TRISB
               00319         extern _DDRC
               00320         extern _TRISC
               00321         extern _DDRD
               00322         extern _TRISD
               00323         extern _DDRE
               00324         extern _TRISE
gpasm-0.13.7 beta               Objects/MainDemo.asm12-10-2017  19:57:47         PAGE  7


LOC  OBJECT CODE     LINE SOURCE TEXT
  VALUE
 
               00325         extern _DDRF
               00326         extern _TRISF
               00327         extern _DDRG
               00328         extern _TRISG
               00329         extern _DDRH
               00330         extern _TRISH
               00331         extern _DDRJ
               00332         extern _TRISJ
               00333         extern _OSCTUNE
               00334         extern _MEMCON
               00335         extern _PIE1
               00336         extern _PIR1
               00337         extern _IPR1
               00338         extern _PIE2
               00339         extern _PIR2
               00340         extern _IPR2
               00341         extern _PIE3
               00342         extern _PIR3
               00343         extern _IPR3
               00344         extern _EECON1
               00345         extern _EECON2
               00346         extern _RCSTA
               00347         extern _RCSTA1
               00348         extern _TXSTA
               00349         extern _TXSTA1
               00350         extern _TXREG
               00351         extern _TXREG1
               00352         extern _RCREG
               00353         extern _RCREG1
               00354         extern _SPBRG
               00355         extern _SPBRG1
               00356         extern _PSPCON
               00357         extern _T3CON
               00358         extern _TMR3L
               00359         extern _TMR3H
               00360         extern _CMCON
               00361         extern _CVRCON
               00362         extern _ECCP1AS
               00363         extern _CCP3CON
               00364         extern _ECCP3CON
               00365         extern _CCPR3
               00366         extern _CCPR3L
               00367         extern _CCPR3H
               00368         extern _CCP2CON
               00369         extern _ECCP2CON
               00370         extern _CCPR2
               00371         extern _CCPR2L
               00372         extern _CCPR2H
               00373         extern _CCP1CON
               00374         extern _ECCP1CON
               00375         extern _CCPR1
               00376         extern _CCPR1L
               00377         extern _CCPR1H
               00378         extern _ADCON2
gpasm-0.13.7 beta               Objects/MainDemo.asm12-10-2017  19:57:47         PAGE  8


LOC  OBJECT CODE     LINE SOURCE TEXT
  VALUE
 
               00379         extern _ADCON1
               00380         extern _ADCON0
               00381         extern _ADRES
               00382         extern _ADRESL
               00383         extern _ADRESH
               00384         extern _SSP1CON2
               00385         extern _SSPCON2
               00386         extern _SSP1CON1
               00387         extern _SSPCON1
               00388         extern _SSP1STAT
               00389         extern _SSPSTAT
               00390         extern _SSP1ADD
               00391         extern _SSPADD
               00392         extern _SSP1BUF
               00393         extern _SSPBUF
               00394         extern _T2CON
               00395         extern _PR2
               00396         extern _TMR2
               00397         extern _T1CON
               00398         extern _TMR1L
               00399         extern _TMR1H
               00400         extern _RCON
               00401         extern _WDTCON
               00402         extern _ECON1
               00403         extern _OSCCON
               00404         extern _T0CON
               00405         extern _TMR0L
               00406         extern _TMR0H
               00407         extern _STATUS
               00408         extern _FSR2L
               00409         extern _FSR2H
               00410         extern _PLUSW2
               00411         extern _PREINC2
               00412         extern _POSTDEC2
               00413         extern _POSTINC2
               00414         extern _INDF2
               00415         extern _BSR
               00416         extern _FSR1L
               00417         extern _FSR1H
               00418         extern _PLUSW1
               00419         extern _PREINC1
               00420         extern _POSTDEC1
               00421         extern _POSTINC1
               00422         extern _INDF1
               00423         extern _WREG
               00424         extern _FSR0L
               00425         extern _FSR0H
               00426         extern _PLUSW0
               00427         extern _PREINC0
               00428         extern _POSTDEC0
               00429         extern _POSTINC0
               00430         extern _INDF0
               00431         extern _INTCON3
               00432         extern _INTCON2
gpasm-0.13.7 beta               Objects/MainDemo.asm12-10-2017  19:57:47         PAGE  9


LOC  OBJECT CODE     LINE SOURCE TEXT
  VALUE
 
               00433         extern _INTCON
               00434         extern _PROD
               00435         extern _PRODL
               00436         extern _PRODH
               00437         extern _TABLAT
               00438         extern _TBLPTR
               00439         extern _TBLPTRL
               00440         extern _TBLPTRH
               00441         extern _TBLPTRU
               00442         extern _PC
               00443         extern _PCL
               00444         extern _PCLATH
               00445         extern _PCLATU
               00446         extern _STKPTR
               00447         extern _TOS
               00448         extern _TOSL
               00449         extern _TOSH
               00450         extern _TOSU
               00451         extern _uitoa
               00452         extern _ultoa
               00453         extern _strlen
               00454         extern _StackInit
               00455         extern _StackTask
               00456         extern _TickInit
               00457         extern _TickGetDiv256
               00458         extern _TickUpdate
               00459         extern _LCDTaskInit
               00460         extern _LCDTask
               00461         extern _LCDInit
               00462         extern _LCDUpdate
               00463         extern _strlcpy
               00464 ;--------------------------------------------------------
               00465 ;       Equates to used internal registers
               00466 ;--------------------------------------------------------
  00000FD8     00467 STATUS  equ     0xfd8
  00000FFA     00468 PCLATH  equ     0xffa
  00000FFB     00469 PCLATU  equ     0xffb
  00000FE8     00470 WREG    equ     0xfe8
  00000FE0     00471 BSR     equ     0xfe0
  00000FE9     00472 FSR0L   equ     0xfe9
  00000FEA     00473 FSR0H   equ     0xfea
  00000FE1     00474 FSR1L   equ     0xfe1
  00000FD9     00475 FSR2L   equ     0xfd9
  00000FEF     00476 INDF0   equ     0xfef
  00000FE5     00477 POSTDEC1        equ     0xfe5
  00000FE4     00478 PREINC1 equ     0xfe4
  00000FDB     00479 PLUSW2  equ     0xfdb
  00000FF3     00480 PRODL   equ     0xff3
  00000FF4     00481 PRODH   equ     0xff4
               00482 
               00483 
               00484         idata
               00485 _main_t_1_1     db      0x00, 0x00, 0x00, 0x00
               00486 _main_dwLastIP_1_1      db      0x00, 0x00, 0x00, 0x00
gpasm-0.13.7 beta               Objects/MainDemo.asm12-10-2017  19:57:47         PAGE 10


LOC  OBJECT CODE     LINE SOURCE TEXT
  VALUE
 
               00487 
               00488 
               00489 ; Internal registers
               00490 .registers      udata_ovr       0x0000
               00491 r0x00   res     1
               00492 r0x01   res     1
               00493 r0x02   res     1
               00494 r0x03   res     1
               00495 r0x04   res     1
               00496 r0x05   res     1
               00497 r0x06   res     1
               00498 r0x07   res     1
               00499 r0x08   res     1
               00500 r0x09   res     1
               00501 r0x0a   res     1
               00502 r0x0b   res     1
               00503 r0x0c   res     1
               00504 r0x0d   res     1
               00505 
               00506 udata_MainDemo_0        udata
               00507 _AN0String      res     8
               00508 
               00509 udata_MainDemo_1        udata
               00510 _message        res     3
               00511 
               00512 udata_MainDemo_2        udata
               00513 _DisplayWORD_WDigit_1_1 res     6
               00514 
               00515 udata_MainDemo_3        udata
               00516 _DisplayIPValue_IPDigit_1_1     res     4
               00517 
               00518 udata_MainDemo_4        udata
               00519 _AppConfig      res     51
               00520 
               00521 ;--------------------------------------------------------
               00522 ; interrupt vector 
               00523 ;--------------------------------------------------------
               00524 
               00525 ;--------------------------------------------------------
               00526 ; global & static initialisations
               00527 ;--------------------------------------------------------
               00528 ; ; Starting pCode block for absolute section
               00529 ; ;-----------------------------------------
               00530 S_MainDemo_ivec_0x2_LowISR      code    0X000018
0018 00531 ivec_0x2_LowISR:
0018 EF00 F000 00532         GOTO    _LowISR
               00533 
               00534 ; ; Starting pCode block for absolute section
               00535 ; ;-----------------------------------------
               00536 S_MainDemo_ivec_0x1_HighISR     code    0X000008
0008 00537 ivec_0x1_HighISR:
0008 EF00 F000 00538         GOTO    _HighISR
               00539 
               00540 ; I code from now on!
gpasm-0.13.7 beta               Objects/MainDemo.asm12-10-2017  19:57:47         PAGE 11


LOC  OBJECT CODE     LINE SOURCE TEXT
  VALUE
 
               00541 ; ; Starting pCode block
               00542 S_MainDemo__main        code
0000 00543 _main:
               00544 ;       .line   197; MainDemo.c InitializeBoard();
0000 EC00 F000 00545         CALL    _InitializeBoard
               00546 ;       .line   200; MainDemo.c TickInit();
0004 EC00 F000 00547         CALL    _TickInit
               00548 ;       .line   203; MainDemo.c InitAppConfig();
0008 EC00 F000 00549         CALL    _InitAppConfig
               00550 ;       .line   207; MainDemo.c StackInit();
000C EC00 F000 00551         CALL    _StackInit
               00552 ;       .line   210; MainDemo.c LCDTaskInit();
0010 EC00 F000 00553         CALL    _LCDTaskInit
               00554 ;       .line   214; MainDemo.c LCDInit();
0014 EC00 F000 00555         CALL    _LCDInit
               00556 ;       .line   215; MainDemo.c DelayMs(100);
0018 0E10      00557         MOVLW   0x10
001A 6E00      00558         MOVWF   r0x00
001C 0E98      00559         MOVLW   0x98
001E 6E00      00560         MOVWF   r0x01
0020 0E02      00561         MOVLW   0x02
0022 6E00      00562         MOVWF   r0x02
0024 6A00      00563         CLRF    r0x03
0026 00564 _00115_DS_:
0026 C000 F000 00565         MOVFF   r0x00, r0x04
002A C000 F000 00566         MOVFF   r0x01, r0x05
002E C000 F000 00567         MOVFF   r0x02, r0x06
0032 C000 F000 00568         MOVFF   r0x03, r0x07
0036 0EFF      00569         MOVLW   0xff
0038 2600      00570         ADDWF   r0x00, F
003A 0EFF      00571         MOVLW   0xff
003C 2200      00572         ADDWFC  r0x01, F
003E 0EFF      00573         MOVLW   0xff
0040 2200      00574         ADDWFC  r0x02, F
0042 0EFF      00575         MOVLW   0xff
0044 2200      00576         ADDWFC  r0x03, F
0046 5000      00577         MOVF    r0x04, W
0048 1000      00578         IORWF   r0x05, W
004A 1000      00579         IORWF   r0x06, W
004C 1000      00580         IORWF   r0x07, W
004E E100      00581         BNZ     _00115_DS_
               00582 ;       .line   216; MainDemo.c DisplayString (0,"Olimex"); //first arg is start position on 32 pos LCD
0050 0E00      00583         MOVLW   UPPER(__str_0)
0052 6EE5      00584         MOVWF   POSTDEC1
0054 0E00      00585         MOVLW   HIGH(__str_0)
0056 6EE5      00586         MOVWF   POSTDEC1
0058 0E00      00587         MOVLW   LOW(__str_0)
005A 6EE5      00588         MOVWF   POSTDEC1
005C 0E00      00589         MOVLW   0x00
005E 6EE5      00590         MOVWF   POSTDEC1
0060 EC00 F000 00591         CALL    _DisplayString
0064 0E04      00592         MOVLW   0x04
0066 26E1      00593         ADDWF   FSR1L, F
0068 00594 _00127_DS_:
gpasm-0.13.7 beta               Objects/MainDemo.asm12-10-2017  19:57:47         PAGE 12


LOC  OBJECT CODE     LINE SOURCE TEXT
  VALUE
 
               00595 ;       .line   236; MainDemo.c nt =  TickGetDiv256();
0068 EC00 F000 00596         CALL    _TickGetDiv256
006C 6E00      00597         MOVWF   r0x00
006E CFF3 F000 00598         MOVFF   PRODL, r0x01
0072 CFF4 F000 00599         MOVFF   PRODH, r0x02
0076 CFE9 F000 00600         MOVFF   FSR0L, r0x03
007A 0000      00601         BANKSEL _main_t_1_1
               00602 ;       .line   237; MainDemo.c if((nt - t) >= (DWORD)(TICK_SECOND/1024ul))
007C 5100      00603         MOVF    _main_t_1_1, W, B
007E 5C00      00604         SUBWF   r0x00, W
0080 6E00      00605         MOVWF   r0x04
0082 0000      00606         BANKSEL (_main_t_1_1 + 1)
0084 5100      00607         MOVF    (_main_t_1_1 + 1), W, B
0086 5800      00608         SUBWFB  r0x01, W
0088 6E00      00609         MOVWF   r0x05
008A 0000      00610         BANKSEL (_main_t_1_1 + 2)
008C 5100      00611         MOVF    (_main_t_1_1 + 2), W, B
008E 5800      00612         SUBWFB  r0x02, W
0090 6E00      00613         MOVWF   r0x06
0092 0000      00614         BANKSEL (_main_t_1_1 + 3)
0094 5100      00615         MOVF    (_main_t_1_1 + 3), W, B
0096 5800      00616         SUBWFB  r0x03, W
0098 6E00      00617         MOVWF   r0x07
009A 0E00      00618         MOVLW   0x00
009C 5C00      00619         SUBWF   r0x07, W
009E E100      00620         BNZ     _00136_DS_
00A0 0E00      00621         MOVLW   0x00
00A2 5C00      00622         SUBWF   r0x06, W
00A4 E100      00623         BNZ     _00136_DS_
00A6 0E00      00624         MOVLW   0x00
00A8 5C00      00625         SUBWF   r0x05, W
00AA E100      00626         BNZ     _00136_DS_
00AC 0E27      00627         MOVLW   0x27
00AE 5C00      00628         SUBWF   r0x04, W
00B0 00629 _00136_DS_:
00B0 E300      00630         BNC     _00125_DS_
               00631 ;       .line   239; MainDemo.c t = nt;
00B2 C000 F000 00632         MOVFF   r0x00, _main_t_1_1
00B6 C000 F000 00633         MOVFF   r0x01, (_main_t_1_1 + 1)
00BA C000 F000 00634         MOVFF   r0x02, (_main_t_1_1 + 2)
00BE C000 F000 00635         MOVFF   r0x03, (_main_t_1_1 + 3)
               00636 ;       .line   240; MainDemo.c LED0_IO ^= 1;
00C2 6A00      00637         CLRF    r0x00
00C4 B000      00638         BTFSC   _LATJbits, 0
00C6 2A00      00639         INCF    r0x00, F
00C8 0E01      00640         MOVLW   0x01
00CA 1A00      00641         XORWF   r0x00, F
00CC 5000      00642         MOVF    r0x00, W
00CE 0B01      00643         ANDLW   0x01
00D0 6EF4      00644         MOVWF   PRODH
00D2 5000      00645         MOVF    _LATJbits, W
00D4 0BFE      00646         ANDLW   0xfe
00D6 10F4      00647         IORWF   PRODH, W
00D8 6E00      00648         MOVWF   _LATJbits
gpasm-0.13.7 beta               Objects/MainDemo.asm12-10-2017  19:57:47         PAGE 13


LOC  OBJECT CODE     LINE SOURCE TEXT
  VALUE
 
00DA 0004      00649         clrwdt 
00DC 00650 _00125_DS_:
               00651 ;       .line   247; MainDemo.c StackTask();
00DC EC00 F000 00652         CALL    _StackTask
               00653 ;       .line   254; MainDemo.c LCDTask();
00E0 EC00 F000 00654         CALL    _LCDTask
00E4 D000      00655         BRA     _00127_DS_
00E6 0012      00656         RETURN  
               00657 
               00658 ; ; Starting pCode block
               00659 S_MainDemo__InitAppConfig       code
0000 00660 _InitAppConfig:
               00661 ;       .line   435; MainDemo.c static void InitAppConfig(void)
0000 CFD9 FFE5 00662         MOVFF   FSR2L, POSTDEC1
0004 CFE1 FFD9 00663         MOVFF   FSR1L, FSR2L
0008 C000 FFE5 00664         MOVFF   r0x00, POSTDEC1
000C C000 FFE5 00665         MOVFF   r0x01, POSTDEC1
0010 C000 FFE5 00666         MOVFF   r0x02, POSTDEC1
0014 C000 FFE5 00667         MOVFF   r0x03, POSTDEC1
0018 0000      00668         BANKSEL (_AppConfig + 44)
               00669 ;       .line   437; MainDemo.c AppConfig.Flags.bIsDHCPEnabled = TRUE;
001A 8D00      00670         BSF     (_AppConfig + 44), 6, B
001C 0000      00671         BANKSEL (_AppConfig + 44)
               00672 ;       .line   438; MainDemo.c AppConfig.Flags.bInConfigMode = TRUE;
001E 8F00      00673         BSF     (_AppConfig + 44), 7, B
0020 0000      00674         BANKSEL (_AppConfig + 45)
               00675 ;       .line   442; MainDemo.c AppConfig.MyMACAddr.v[0] = 0;
0022 6B00      00676         CLRF    (_AppConfig + 45), B
               00677 ;       .line   443; MainDemo.c AppConfig.MyMACAddr.v[1] = 0x04;
0024 0E04      00678         MOVLW   0x04
0026 0000      00679         BANKSEL (_AppConfig + 46)
0028 6F00      00680         MOVWF   (_AppConfig + 46), B
               00681 ;       .line   444; MainDemo.c AppConfig.MyMACAddr.v[2] = 0xA3;
002A 0EA3      00682         MOVLW   0xa3
002C 0000      00683         BANKSEL (_AppConfig + 47)
002E 6F00      00684         MOVWF   (_AppConfig + 47), B
               00685 ;       .line   445; MainDemo.c AppConfig.MyMACAddr.v[3] = 0x01;
0030 0E01      00686         MOVLW   0x01
0032 0000      00687         BANKSEL (_AppConfig + 48)
0034 6F00      00688         MOVWF   (_AppConfig + 48), B
               00689 ;       .line   446; MainDemo.c AppConfig.MyMACAddr.v[4] = 0x02;
0036 0E02      00690         MOVLW   0x02
0038 0000      00691         BANKSEL (_AppConfig + 49)
003A 6F00      00692         MOVWF   (_AppConfig + 49), B
               00693 ;       .line   447; MainDemo.c AppConfig.MyMACAddr.v[5] = 0x03;
003C 0E03      00694         MOVLW   0x03
003E 0000      00695         BANKSEL (_AppConfig + 50)
0040 6F00      00696         MOVWF   (_AppConfig + 50), B
               00697 ;       .line   450; MainDemo.c AppConfig.MyIPAddr.Val = MY_DEFAULT_IP_ADDR_BYTE1 | 
0042 0EC0      00698         MOVLW   0xc0
0044 0000      00699         BANKSEL _AppConfig
0046 6F00      00700         MOVWF   _AppConfig, B
0048 0EA8      00701         MOVLW   0xa8
004A 0000      00702         BANKSEL (_AppConfig + 1)
gpasm-0.13.7 beta               Objects/MainDemo.asm12-10-2017  19:57:47         PAGE 14


LOC  OBJECT CODE     LINE SOURCE TEXT
  VALUE
 
004C 6F00      00703         MOVWF   (_AppConfig + 1), B
004E 0E61      00704         MOVLW   0x61
0050 0000      00705         BANKSEL (_AppConfig + 2)
0052 6F00      00706         MOVWF   (_AppConfig + 2), B
0054 0E3C      00707         MOVLW   0x3c
0056 0000      00708         BANKSEL (_AppConfig + 3)
0058 6F00      00709         MOVWF   (_AppConfig + 3), B
               00710 ;       .line   453; MainDemo.c AppConfig.DefaultIPAddr.Val = AppConfig.MyIPAddr.Val;
005A C000 F000 00711         MOVFF   _AppConfig, r0x00
005E C000 F000 00712         MOVFF   (_AppConfig + 1), r0x01
0062 C000 F000 00713         MOVFF   (_AppConfig + 2), r0x02
0066 C000 F000 00714         MOVFF   (_AppConfig + 3), r0x03
006A 5000      00715         MOVF    r0x00, W
006C 0000      00716         BANKSEL (_AppConfig + 20)
006E 6F00      00717         MOVWF   (_AppConfig + 20), B
0070 5000      00718         MOVF    r0x01, W
0072 0000      00719         BANKSEL (_AppConfig + 21)
0074 6F00      00720         MOVWF   (_AppConfig + 21), B
0076 5000      00721         MOVF    r0x02, W
0078 0000      00722         BANKSEL (_AppConfig + 22)
007A 6F00      00723         MOVWF   (_AppConfig + 22), B
007C 5000      00724         MOVF    r0x03, W
007E 0000      00725         BANKSEL (_AppConfig + 23)
0080 6F00      00726         MOVWF   (_AppConfig + 23), B
0082 0000      00727         BANKSEL (_AppConfig + 4)
               00728 ;       .line   454; MainDemo.c AppConfig.MyMask.Val = MY_DEFAULT_MASK_BYTE1 | 
0084 6900      00729         SETF    (_AppConfig + 4), B
0086 0000      00730         BANKSEL (_AppConfig + 5)
0088 6900      00731         SETF    (_AppConfig + 5), B
008A 0000      00732         BANKSEL (_AppConfig + 6)
008C 6900      00733         SETF    (_AppConfig + 6), B
008E 0000      00734         BANKSEL (_AppConfig + 7)
0090 6B00      00735         CLRF    (_AppConfig + 7), B
               00736 ;       .line   457; MainDemo.c AppConfig.DefaultMask.Val = AppConfig.MyMask.Val;
0092 C000 F000 00737         MOVFF   (_AppConfig + 4), r0x00
0096 C000 F000 00738         MOVFF   (_AppConfig + 5), r0x01
009A C000 F000 00739         MOVFF   (_AppConfig + 6), r0x02
009E C000 F000 00740         MOVFF   (_AppConfig + 7), r0x03
00A2 5000      00741         MOVF    r0x00, W
00A4 0000      00742         BANKSEL (_AppConfig + 24)
00A6 6F00      00743         MOVWF   (_AppConfig + 24), B
00A8 5000      00744         MOVF    r0x01, W
00AA 0000      00745         BANKSEL (_AppConfig + 25)
00AC 6F00      00746         MOVWF   (_AppConfig + 25), B
00AE 5000      00747         MOVF    r0x02, W
00B0 0000      00748         BANKSEL (_AppConfig + 26)
00B2 6F00      00749         MOVWF   (_AppConfig + 26), B
00B4 5000      00750         MOVF    r0x03, W
00B6 0000      00751         BANKSEL (_AppConfig + 27)
00B8 6F00      00752         MOVWF   (_AppConfig + 27), B
               00753 ;       .line   458; MainDemo.c AppConfig.MyGateway.Val = MY_DEFAULT_GATE_BYTE1 | 
00BA 0EC0      00754         MOVLW   0xc0
00BC 0000      00755         BANKSEL (_AppConfig + 8)
00BE 6F00      00756         MOVWF   (_AppConfig + 8), B
gpasm-0.13.7 beta               Objects/MainDemo.asm12-10-2017  19:57:47         PAGE 15


LOC  OBJECT CODE     LINE SOURCE TEXT
  VALUE
 
00C0 0EA8      00757         MOVLW   0xa8
00C2 0000      00758         BANKSEL (_AppConfig + 9)
00C4 6F00      00759         MOVWF   (_AppConfig + 9), B
00C6 0E61      00760         MOVLW   0x61
00C8 0000      00761         BANKSEL (_AppConfig + 10)
00CA 6F00      00762         MOVWF   (_AppConfig + 10), B
00CC 0E01      00763         MOVLW   0x01
00CE 0000      00764         BANKSEL (_AppConfig + 11)
00D0 6F00      00765         MOVWF   (_AppConfig + 11), B
               00766 ;       .line   461; MainDemo.c AppConfig.PrimaryDNSServer.Val = MY_DEFAULT_PRIMARY_DNS_BYTE1 | 
00D2 0EC0      00767         MOVLW   0xc0
00D4 0000      00768         BANKSEL (_AppConfig + 12)
00D6 6F00      00769         MOVWF   (_AppConfig + 12), B
00D8 0EA8      00770         MOVLW   0xa8
00DA 0000      00771         BANKSEL (_AppConfig + 13)
00DC 6F00      00772         MOVWF   (_AppConfig + 13), B
00DE 0E61      00773         MOVLW   0x61
00E0 0000      00774         BANKSEL (_AppConfig + 14)
00E2 6F00      00775         MOVWF   (_AppConfig + 14), B
00E4 0E01      00776         MOVLW   0x01
00E6 0000      00777         BANKSEL (_AppConfig + 15)
00E8 6F00      00778         MOVWF   (_AppConfig + 15), B
00EA 0000      00779         BANKSEL (_AppConfig + 16)
               00780 ;       .line   465; MainDemo.c AppConfig.SecondaryDNSServer.Val = MY_DEFAULT_SECONDARY_DNS_BYTE1 | 
00EC 6B00      00781         CLRF    (_AppConfig + 16), B
00EE 0000      00782         BANKSEL (_AppConfig + 17)
00F0 6B00      00783         CLRF    (_AppConfig + 17), B
00F2 0000      00784         BANKSEL (_AppConfig + 18)
00F4 6B00      00785         CLRF    (_AppConfig + 18), B
00F6 0000      00786         BANKSEL (_AppConfig + 19)
00F8 6B00      00787         CLRF    (_AppConfig + 19), B
00FA CFE4 F000 00788         MOVFF   PREINC1, r0x03
00FE CFE4 F000 00789         MOVFF   PREINC1, r0x02
0102 CFE4 F000 00790         MOVFF   PREINC1, r0x01
0106 CFE4 F000 00791         MOVFF   PREINC1, r0x00
010A CFE4 FFD9 00792         MOVFF   PREINC1, FSR2L
010E 0012      00793         RETURN  
               00794 
               00795 ; ; Starting pCode block
               00796 S_MainDemo__InitializeBoard     code
0000 00797 _InitializeBoard:
               00798 ;       .line   379; MainDemo.c static void InitializeBoard(void)
0000 CFD9 FFE5 00799         MOVFF   FSR2L, POSTDEC1
0004 CFE1 FFD9 00800         MOVFF   FSR1L, FSR2L
               00801 ;       .line   382; MainDemo.c LED0_TRIS = 0;  //LED0
0008 9000      00802         BCF     _TRISJbits, 0
               00803 ;       .line   383; MainDemo.c LED1_TRIS = 0;  //LED1
000A 9200      00804         BCF     _TRISJbits, 1
               00805 ;       .line   384; MainDemo.c LED2_TRIS = 0;  //LED2
000C 9400      00806         BCF     _TRISJbits, 2
               00807 ;       .line   385; MainDemo.c LED3_TRIS = 0;  //LED_LCD1
000E 9A00      00808         BCF     _TRISGbits, 5
               00809 ;       .line   386; MainDemo.c LED4_TRIS = 0;  //LED_LCD2
0010 9A00      00810         BCF     _TRISGbits, 5
gpasm-0.13.7 beta               Objects/MainDemo.asm12-10-2017  19:57:47         PAGE 16


LOC  OBJECT CODE     LINE SOURCE TEXT
  VALUE
 
               00811 ;       .line   387; MainDemo.c LED5_TRIS = 0;  //LED5=RELAY1
0012 9E00      00812         BCF     _TRISGbits, 7
               00813 ;       .line   388; MainDemo.c LED6_TRIS = 0;  //LED7=RELAY2
0014 9C00      00814         BCF     _TRISGbits, 6
               00815 ;       .line   393; MainDemo.c LED_PUT(0x00);  //turn off LED0 - LED2
0016 0EF8      00816         MOVLW   0xf8
0018 1600      00817         ANDWF   _LATJ, F
               00818 ;       .line   394; MainDemo.c RELAY_PUT(0x00); //turn relays off to save power
001A 0E3F      00819         MOVLW   0x3f
001C 1600      00820         ANDWF   _LATG, F
               00821 ;       .line   400; MainDemo.c OSCTUNE = 0x40;
001E 0E40      00822         MOVLW   0x40
0020 6E00      00823         MOVWF   _OSCTUNE
               00824 ;       .line   407; MainDemo.c if(OSCCONbits.IDLEN) //IDLEN = 0x80; 0x02 selects the primary clock
0022 AE00      00825         BTFSS   _OSCCONbits, 7
0024 D000      00826         BRA     _00206_DS_
               00827 ;       .line   408; MainDemo.c OSCCON = 0x82;
0026 0E82      00828         MOVLW   0x82
0028 6E00      00829         MOVWF   _OSCCON
002A D000      00830         BRA     _00207_DS_
002C 00831 _00206_DS_:
               00832 ;       .line   410; MainDemo.c OSCCON = 0x02;
002C 0E02      00833         MOVLW   0x02
002E 6E00      00834         MOVWF   _OSCCON
0030 00835 _00207_DS_:
               00836 ;       .line   413; MainDemo.c RCONbits.IPEN = 1;              // Enable interrupt priorities
0030 8E00      00837         BSF     _RCONbits, 7
               00838 ;       .line   414; MainDemo.c INTCONbits.GIEH = 1;
0032 8E00      00839         BSF     _INTCONbits, 7
               00840 ;       .line   415; MainDemo.c INTCONbits.GIEL = 1;
0034 8C00      00841         BSF     _INTCONbits, 6
0036 CFE4 FFD9 00842         MOVFF   PREINC1, FSR2L
003A 0012      00843         RETURN  
               00844 
               00845 ; ; Starting pCode block
               00846 S_MainDemo__DisplayIPValue      code
0000 00847 _DisplayIPValue:
               00848 ;       .line   321; MainDemo.c void DisplayIPValue(DWORD IPdw) // 32 bits
0000 CFD9 FFE5 00849         MOVFF   FSR2L, POSTDEC1
0004 CFE1 FFD9 00850         MOVFF   FSR1L, FSR2L
0008 C000 FFE5 00851         MOVFF   r0x00, POSTDEC1
000C C000 FFE5 00852         MOVFF   r0x01, POSTDEC1
0010 C000 FFE5 00853         MOVFF   r0x02, POSTDEC1
0014 C000 FFE5 00854         MOVFF   r0x03, POSTDEC1
0018 C000 FFE5 00855         MOVFF   r0x04, POSTDEC1
001C C000 FFE5 00856         MOVFF   r0x05, POSTDEC1
0020 C000 FFE5 00857         MOVFF   r0x06, POSTDEC1
0024 C000 FFE5 00858         MOVFF   r0x07, POSTDEC1
0028 C000 FFE5 00859         MOVFF   r0x08, POSTDEC1
002C C000 FFE5 00860         MOVFF   r0x09, POSTDEC1
0030 C000 FFE5 00861         MOVFF   r0x0a, POSTDEC1
0034 C000 FFE5 00862         MOVFF   r0x0b, POSTDEC1
0038 C000 FFE5 00863         MOVFF   r0x0c, POSTDEC1
003C C000 FFE5 00864         MOVFF   r0x0d, POSTDEC1
gpasm-0.13.7 beta               Objects/MainDemo.asm12-10-2017  19:57:47         PAGE 17


LOC  OBJECT CODE     LINE SOURCE TEXT
  VALUE
 
0040 0E02      00865         MOVLW   0x02
0042 CFDB F000 00866         MOVFF   PLUSW2, r0x00
0046 0E03      00867         MOVLW   0x03
0048 CFDB F000 00868         MOVFF   PLUSW2, r0x01
004C 0E04      00869         MOVLW   0x04
004E CFDB F000 00870         MOVFF   PLUSW2, r0x02
0052 0E05      00871         MOVLW   0x05
0054 CFDB F000 00872         MOVFF   PLUSW2, r0x03
               00873 ;       .line   329; MainDemo.c BYTE LCDPos=16;  //write on second line of LCD
0058 0E10      00874         MOVLW   0x10
005A 6E00      00875         MOVWF   r0x04
               00876 ;       .line   334; MainDemo.c for(i = 0; i < sizeof(IP_ADDR); i++) //sizeof(IP_ADDR) is 4
005C 6A00      00877         CLRF    r0x05
005E 6A00      00878         CLRF    r0x06
0060 6A00      00879         CLRF    r0x07
0062 00880 _00171_DS_:
0062 0E04      00881         MOVLW   0x04
0064 5C00      00882         SUBWF   r0x05, W
0066 B0D8      00883         BTFSC   STATUS, 0
0068 D000      00884         BRA     _00174_DS_
               00885 ;       .line   337; MainDemo.c IP_field =(WORD)(IPdw>>(i*8))&0xff;      //ML
006A C000 F000 00886         MOVFF   r0x00, r0x08
006E C000 F000 00887         MOVFF   r0x01, r0x09
0072 C000 F000 00888         MOVFF   r0x02, r0x0a
0076 C000 F000 00889         MOVFF   r0x03, r0x0b
007A 5000      00890         MOVF    r0x06, W
007C E000      00891         BZ      _00192_DS_
007E E600      00892         BN      _00195_DS_
0080 6CE8      00893         NEGF    WREG
0082 90D8      00894         BCF     STATUS, 0
0084 00895 _00193_DS_:
0084 3200      00896         RRCF    r0x0b, F
0086 3200      00897         RRCF    r0x0a, F
0088 3200      00898         RRCF    r0x09, F
008A 3200      00899         RRCF    r0x08, F
008C 0F01      00900         ADDLW   0x01
008E E300      00901         BNC     _00193_DS_
0090 D000      00902         BRA     _00192_DS_
0092 00903 _00195_DS_:
0092 90D8      00904         BCF     STATUS, 0
0094 00905 _00194_DS_:
0094 3600      00906         RLCF    r0x08, F
0096 3600      00907         RLCF    r0x09, F
0098 3600      00908         RLCF    r0x0a, F
009A 3600      00909         RLCF    r0x0b, F
009C 0F01      00910         ADDLW   0x01
009E E300      00911         BNC     _00194_DS_
00A0 00912 _00192_DS_:
00A0 6A00      00913         CLRF    r0x09
               00914 ;       .line   338; MainDemo.c uitoa(IP_field, IPDigit, radix);      //ML
00A2 0E0A      00915         MOVLW   0x0a
00A4 6EE5      00916         MOVWF   POSTDEC1
00A6 0E00      00917         MOVLW   HIGH(_DisplayIPValue_IPDigit_1_1)
00A8 6EE5      00918         MOVWF   POSTDEC1
gpasm-0.13.7 beta               Objects/MainDemo.asm12-10-2017  19:57:47         PAGE 18


LOC  OBJECT CODE     LINE SOURCE TEXT
  VALUE
 
00AA 0E00      00919         MOVLW   LOW(_DisplayIPValue_IPDigit_1_1)
00AC 6EE5      00920         MOVWF   POSTDEC1
00AE 5000      00921         MOVF    r0x09, W
00B0 6EE5      00922         MOVWF   POSTDEC1
00B2 5000      00923         MOVF    r0x08, W
00B4 6EE5      00924         MOVWF   POSTDEC1
00B6 EC00 F000 00925         CALL    _uitoa
00BA 0E05      00926         MOVLW   0x05
00BC 26E1      00927         ADDWF   FSR1L, F
               00928 ;       .line   343; MainDemo.c for(j = 0; j < strlen((char*)IPDigit); j++)
00BE C000 F000 00929         MOVFF   r0x04, r0x08
00C2 6A00      00930         CLRF    r0x09
00C4 00931 _00177_DS_:
00C4 0E00      00932         MOVLW   HIGH(_DisplayIPValue_IPDigit_1_1)
00C6 6E00      00933         MOVWF   r0x0b
00C8 0E00      00934         MOVLW   LOW(_DisplayIPValue_IPDigit_1_1)
00CA 6E00      00935         MOVWF   r0x0a
00CC 0E80      00936         MOVLW   0x80
00CE 6E00      00937         MOVWF   r0x0c
00D0 5000      00938         MOVF    r0x0c, W
00D2 6EE5      00939         MOVWF   POSTDEC1
00D4 5000      00940         MOVF    r0x0b, W
00D6 6EE5      00941         MOVWF   POSTDEC1
00D8 5000      00942         MOVF    r0x0a, W
00DA 6EE5      00943         MOVWF   POSTDEC1
00DC EC00 F000 00944         CALL    _strlen
00E0 6E00      00945         MOVWF   r0x0a
00E2 CFF3 F000 00946         MOVFF   PRODL, r0x0b
00E6 0E03      00947         MOVLW   0x03
00E8 26E1      00948         ADDWF   FSR1L, F
00EA C000 F000 00949         MOVFF   r0x09, r0x0c
00EE 6A00      00950         CLRF    r0x0d
00F0 5000      00951         MOVF    r0x0d, W
00F2 0F80      00952         ADDLW   0x80
00F4 6EF3      00953         MOVWF   PRODL
00F6 5000      00954         MOVF    r0x0b, W
00F8 0F80      00955         ADDLW   0x80
00FA 5CF3      00956         SUBWF   PRODL, W
00FC E100      00957         BNZ     _00197_DS_
00FE 5000      00958         MOVF    r0x0a, W
0100 5C00      00959         SUBWF   r0x0c, W
0102 00960 _00197_DS_:
0102 E200      00961         BC      _00189_DS_
               00962 ;       .line   345; MainDemo.c LCDText[LCDPos++] = IPDigit[j];
0104 C000 F000 00963         MOVFF   r0x08, r0x0a
0108 2A00      00964         INCF    r0x08, F
010A 6A00      00965         CLRF    r0x0b
010C 0E00      00966         MOVLW   LOW(_LCDText)
010E 2600      00967         ADDWF   r0x0a, F
0110 0E00      00968         MOVLW   HIGH(_LCDText)
0112 2200      00969         ADDWFC  r0x0b, F
0114 0E00      00970         MOVLW   LOW(_DisplayIPValue_IPDigit_1_1)
0116 2400      00971         ADDWF   r0x09, W
0118 6E00      00972         MOVWF   r0x0c
gpasm-0.13.7 beta               Objects/MainDemo.asm12-10-2017  19:57:47         PAGE 19


LOC  OBJECT CODE     LINE SOURCE TEXT
  VALUE
 
011A 6A00      00973         CLRF    r0x0d
011C 0E00      00974         MOVLW   HIGH(_DisplayIPValue_IPDigit_1_1)
011E 2200      00975         ADDWFC  r0x0d, F
0120 C000 FFE9 00976         MOVFF   r0x0c, FSR0L
0124 C000 FFEA 00977         MOVFF   r0x0d, FSR0H
0128 CFEF F000 00978         MOVFF   INDF0, r0x0c
012C C000 FFE9 00979         MOVFF   r0x0a, FSR0L
0130 C000 FFEA 00980         MOVFF   r0x0b, FSR0H
0134 C000 FFEF 00981         MOVFF   r0x0c, INDF0
               00982 ;       .line   343; MainDemo.c for(j = 0; j < strlen((char*)IPDigit); j++)
0138 2A00      00983         INCF    r0x09, F
013A D000      00984         BRA     _00177_DS_
013C 00985 _00189_DS_:
013C C000 F000 00986         MOVFF   r0x08, r0x04
               00987 ;       .line   347; MainDemo.c if(i == sizeof(IP_ADDR)-1)
0140 5000      00988         MOVF    r0x05, W
0142 0A03      00989         XORLW   0x03
0144 E000      00990         BZ      _00174_DS_
               00991 ;       .line   349; MainDemo.c LCDText[LCDPos++] = '.';
0146 2800      00992         INCF    r0x08, W
0148 6E00      00993         MOVWF   r0x04
014A 6A00      00994         CLRF    r0x09
014C 0E00      00995         MOVLW   LOW(_LCDText)
014E 2600      00996         ADDWF   r0x08, F
0150 0E00      00997         MOVLW   HIGH(_LCDText)
0152 2200      00998         ADDWFC  r0x09, F
0154 C000 FFE9 00999         MOVFF   r0x08, FSR0L
0158 C000 FFEA 01000         MOVFF   r0x09, FSR0H
015C 0E2E      01001         MOVLW   0x2e
015E 6EEF      01002         MOVWF   INDF0
               01003 ;       .line   334; MainDemo.c for(i = 0; i < sizeof(IP_ADDR); i++) //sizeof(IP_ADDR) is 4
0160 0E08      01004         MOVLW   0x08
0162 2600      01005         ADDWF   r0x06, F
0164 B0D8      01006         BTFSC   STATUS, 0
0166 2A00      01007         INCF    r0x07, F
0168 2A00      01008         INCF    r0x05, F
016A D000      01009         BRA     _00171_DS_
016C 01010 _00174_DS_:
               01011 ;       .line   352; MainDemo.c if(LCDPos < 32u)
016C C000 F000 01012         MOVFF   r0x04, r0x00
0170 6A00      01013         CLRF    r0x01
0172 0E00      01014         MOVLW   0x00
0174 5C00      01015         SUBWF   r0x01, W
0176 E100      01016         BNZ     _00200_DS_
0178 0E20      01017         MOVLW   0x20
017A 5C00      01018         SUBWF   r0x00, W
017C 01019 _00200_DS_:
017C E200      01020         BC      _00176_DS_
               01021 ;       .line   353; MainDemo.c LCDText[LCDPos] = 0;
017E 6A00      01022         CLRF    r0x00
0180 0E00      01023         MOVLW   LOW(_LCDText)
0182 2600      01024         ADDWF   r0x04, F
0184 0E00      01025         MOVLW   HIGH(_LCDText)
0186 2200      01026         ADDWFC  r0x00, F
gpasm-0.13.7 beta               Objects/MainDemo.asm12-10-2017  19:57:47         PAGE 20


LOC  OBJECT CODE     LINE SOURCE TEXT
  VALUE
 
0188 C000 FFE9 01027         MOVFF   r0x04, FSR0L
018C C000 FFEA 01028         MOVFF   r0x00, FSR0H
0190 0E00      01029         MOVLW   0x00
0192 6EEF      01030         MOVWF   INDF0
0194 01031 _00176_DS_:
               01032 ;       .line   354; MainDemo.c LCDUpdate();
0194 EC00 F000 01033         CALL    _LCDUpdate
0198 CFE4 F000 01034         MOVFF   PREINC1, r0x0d
019C CFE4 F000 01035         MOVFF   PREINC1, r0x0c
01A0 CFE4 F000 01036         MOVFF   PREINC1, r0x0b
01A4 CFE4 F000 01037         MOVFF   PREINC1, r0x0a
01A8 CFE4 F000 01038         MOVFF   PREINC1, r0x09
01AC CFE4 F000 01039         MOVFF   PREINC1, r0x08
01B0 CFE4 F000 01040         MOVFF   PREINC1, r0x07
01B4 CFE4 F000 01041         MOVFF   PREINC1, r0x06
01B8 CFE4 F000 01042         MOVFF   PREINC1, r0x05
01BC CFE4 F000 01043         MOVFF   PREINC1, r0x04
01C0 CFE4 F000 01044         MOVFF   PREINC1, r0x03
01C4 CFE4 F000 01045         MOVFF   PREINC1, r0x02
01C8 CFE4 F000 01046         MOVFF   PREINC1, r0x01
01CC CFE4 F000 01047         MOVFF   PREINC1, r0x00
01D0 CFE4 FFD9 01048         MOVFF   PREINC1, FSR2L
01D4 0012      01049         RETURN  
               01050 
               01051 ; ; Starting pCode block
               01052 S_MainDemo__DisplayString       code
0000 01053 _DisplayString:
               01054 ;       .line   305; MainDemo.c void DisplayString(BYTE pos, char* text)
0000 CFD9 FFE5 01055         MOVFF   FSR2L, POSTDEC1
0004 CFE1 FFD9 01056         MOVFF   FSR1L, FSR2L
0008 C000 FFE5 01057         MOVFF   r0x00, POSTDEC1
000C C000 FFE5 01058         MOVFF   r0x01, POSTDEC1
0010 C000 FFE5 01059         MOVFF   r0x02, POSTDEC1
0014 C000 FFE5 01060         MOVFF   r0x03, POSTDEC1
0018 C000 FFE5 01061         MOVFF   r0x04, POSTDEC1
001C C000 FFE5 01062         MOVFF   r0x05, POSTDEC1
0020 C000 FFE5 01063         MOVFF   r0x06, POSTDEC1
0024 C000 FFE5 01064         MOVFF   r0x07, POSTDEC1
0028 0E02      01065         MOVLW   0x02
002A CFDB F000 01066         MOVFF   PLUSW2, r0x00
002E 0E03      01067         MOVLW   0x03
0030 CFDB F000 01068         MOVFF   PLUSW2, r0x01
0034 0E04      01069         MOVLW   0x04
0036 CFDB F000 01070         MOVFF   PLUSW2, r0x02
003A 0E05      01071         MOVLW   0x05
003C CFDB F000 01072         MOVFF   PLUSW2, r0x03
               01073 ;       .line   307; MainDemo.c BYTE l= strlen(text)+1;
0040 5000      01074         MOVF    r0x03, W
0042 6EE5      01075         MOVWF   POSTDEC1
0044 5000      01076         MOVF    r0x02, W
0046 6EE5      01077         MOVWF   POSTDEC1
0048 5000      01078         MOVF    r0x01, W
004A 6EE5      01079         MOVWF   POSTDEC1
004C EC00 F000 01080         CALL    _strlen
gpasm-0.13.7 beta               Objects/MainDemo.asm12-10-2017  19:57:47         PAGE 21


LOC  OBJECT CODE     LINE SOURCE TEXT
  VALUE
 
0050 6E00      01081         MOVWF   r0x04
0052 CFF3 F000 01082         MOVFF   PRODL, r0x05
0056 0E03      01083         MOVLW   0x03
0058 26E1      01084         ADDWF   FSR1L, F
005A 2A00      01085         INCF    r0x04, F
               01086 ;       .line   308; MainDemo.c BYTE max= 32-pos;
005C 5000      01087         MOVF    r0x00, W
005E 0820      01088         SUBLW   0x20
0060 6E00      01089         MOVWF   r0x05
               01090 ;       .line   309; MainDemo.c strlcpy((char*)&LCDText[pos], text,(l<max)?l:max );
0062 6A00      01091         CLRF    r0x06
0064 0E00      01092         MOVLW   LOW(_LCDText)
0066 2600      01093         ADDWF   r0x00, F
0068 0E00      01094         MOVLW   HIGH(_LCDText)
006A 2200      01095         ADDWFC  r0x06, F
006C 5000      01096         MOVF    r0x06, W
006E 6E00      01097         MOVWF   r0x06
0070 5000      01098         MOVF    r0x00, W
0072 6E00      01099         MOVWF   r0x00
0074 0E80      01100         MOVLW   0x80
0076 6E00      01101         MOVWF   r0x07
0078 5000      01102         MOVF    r0x05, W
007A 5C00      01103         SUBWF   r0x04, W
007C E300      01104         BNC     _00162_DS_
007E C000 F000 01105         MOVFF   r0x05, r0x04
0082 01106 _00162_DS_:
0082 6A00      01107         CLRF    r0x05
0084 5000      01108         MOVF    r0x05, W
0086 6EE5      01109         MOVWF   POSTDEC1
0088 5000      01110         MOVF    r0x04, W
008A 6EE5      01111         MOVWF   POSTDEC1
008C 5000      01112         MOVF    r0x03, W
008E 6EE5      01113         MOVWF   POSTDEC1
0090 5000      01114         MOVF    r0x02, W
0092 6EE5      01115         MOVWF   POSTDEC1
0094 5000      01116         MOVF    r0x01, W
0096 6EE5      01117         MOVWF   POSTDEC1
0098 5000      01118         MOVF    r0x07, W
009A 6EE5      01119         MOVWF   POSTDEC1
009C 5000      01120         MOVF    r0x06, W
009E 6EE5      01121         MOVWF   POSTDEC1
00A0 5000      01122         MOVF    r0x00, W
00A2 6EE5      01123         MOVWF   POSTDEC1
00A4 EC00 F000 01124         CALL    _strlcpy
00A8 0E08      01125         MOVLW   0x08
00AA 26E1      01126         ADDWF   FSR1L, F
               01127 ;       .line   310; MainDemo.c LCDUpdate();
00AC EC00 F000 01128         CALL    _LCDUpdate
00B0 CFE4 F000 01129         MOVFF   PREINC1, r0x07
00B4 CFE4 F000 01130         MOVFF   PREINC1, r0x06
00B8 CFE4 F000 01131         MOVFF   PREINC1, r0x05
00BC CFE4 F000 01132         MOVFF   PREINC1, r0x04
00C0 CFE4 F000 01133         MOVFF   PREINC1, r0x03
00C4 CFE4 F000 01134         MOVFF   PREINC1, r0x02
gpasm-0.13.7 beta               Objects/MainDemo.asm12-10-2017  19:57:47         PAGE 22


LOC  OBJECT CODE     LINE SOURCE TEXT
  VALUE
 
00C8 CFE4 F000 01135         MOVFF   PREINC1, r0x01
00CC CFE4 F000 01136         MOVFF   PREINC1, r0x00
00D0 CFE4 FFD9 01137         MOVFF   PREINC1, FSR2L
00D4 0012      01138         RETURN  
               01139 
               01140 ; ; Starting pCode block
               01141 S_MainDemo__DisplayWORD code
0000 01142 _DisplayWORD:
               01143 ;       .line   283; MainDemo.c void DisplayWORD(BYTE pos, WORD w) //WORD is a 16 bits unsigned
0000 CFD9 FFE5 01144         MOVFF   FSR2L, POSTDEC1
0004 CFE1 FFD9 01145         MOVFF   FSR1L, FSR2L
0008 C000 FFE5 01146         MOVFF   r0x00, POSTDEC1
000C C000 FFE5 01147         MOVFF   r0x01, POSTDEC1
0010 C000 FFE5 01148         MOVFF   r0x02, POSTDEC1
0014 C000 FFE5 01149         MOVFF   r0x03, POSTDEC1
0018 C000 FFE5 01150         MOVFF   r0x04, POSTDEC1
001C C000 FFE5 01151         MOVFF   r0x05, POSTDEC1
0020 0E02      01152         MOVLW   0x02
0022 CFDB F000 01153         MOVFF   PLUSW2, r0x00
0026 0E03      01154         MOVLW   0x03
0028 CFDB F000 01155         MOVFF   PLUSW2, r0x01
002C 0E04      01156         MOVLW   0x04
002E CFDB F000 01157         MOVFF   PLUSW2, r0x02
               01158 ;       .line   291; MainDemo.c ultoa(w, WDigit, radix);      
0032 6A00      01159         CLRF    r0x03
0034 6A00      01160         CLRF    r0x04
0036 0E0A      01161         MOVLW   0x0a
0038 6EE5      01162         MOVWF   POSTDEC1
003A 0E00      01163         MOVLW   HIGH(_DisplayWORD_WDigit_1_1)
003C 6EE5      01164         MOVWF   POSTDEC1
003E 0E00      01165         MOVLW   LOW(_DisplayWORD_WDigit_1_1)
0040 6EE5      01166         MOVWF   POSTDEC1
0042 5000      01167         MOVF    r0x04, W
0044 6EE5      01168         MOVWF   POSTDEC1
0046 5000      01169         MOVF    r0x03, W
0048 6EE5      01170         MOVWF   POSTDEC1
004A 5000      01171         MOVF    r0x02, W
004C 6EE5      01172         MOVWF   POSTDEC1
004E 5000      01173         MOVF    r0x01, W
0050 6EE5      01174         MOVWF   POSTDEC1
0052 EC00 F000 01175         CALL    _ultoa
0056 0E07      01176         MOVLW   0x07
0058 26E1      01177         ADDWF   FSR1L, F
               01178 ;       .line   292; MainDemo.c for(j = 0; j < strlen((char*)WDigit); j++)
005A 6A00      01179         CLRF    r0x01
005C 01180 _00143_DS_:
005C 0E00      01181         MOVLW   HIGH(_DisplayWORD_WDigit_1_1)
005E 6E00      01182         MOVWF   r0x03
0060 0E00      01183         MOVLW   LOW(_DisplayWORD_WDigit_1_1)
0062 6E00      01184         MOVWF   r0x02
0064 0E80      01185         MOVLW   0x80
0066 6E00      01186         MOVWF   r0x04
0068 5000      01187         MOVF    r0x04, W
006A 6EE5      01188         MOVWF   POSTDEC1
gpasm-0.13.7 beta               Objects/MainDemo.asm12-10-2017  19:57:47         PAGE 23


LOC  OBJECT CODE     LINE SOURCE TEXT
  VALUE
 
006C 5000      01189         MOVF    r0x03, W
006E 6EE5      01190         MOVWF   POSTDEC1
0070 5000      01191         MOVF    r0x02, W
0072 6EE5      01192         MOVWF   POSTDEC1
0074 EC00 F000 01193         CALL    _strlen
0078 6E00      01194         MOVWF   r0x02
007A CFF3 F000 01195         MOVFF   PRODL, r0x03
007E 0E03      01196         MOVLW   0x03
0080 26E1      01197         ADDWF   FSR1L, F
0082 C000 F000 01198         MOVFF   r0x01, r0x04
0086 6A00      01199         CLRF    r0x05
0088 5000      01200         MOVF    r0x05, W
008A 0F80      01201         ADDLW   0x80
008C 6EF3      01202         MOVWF   PRODL
008E 5000      01203         MOVF    r0x03, W
0090 0F80      01204         ADDLW   0x80
0092 5CF3      01205         SUBWF   PRODL, W
0094 E100      01206         BNZ     _00153_DS_
0096 5000      01207         MOVF    r0x02, W
0098 5C00      01208         SUBWF   r0x04, W
009A 01209 _00153_DS_:
009A E200      01210         BC      _00146_DS_
               01211 ;       .line   294; MainDemo.c LCDText[LCDPos++] = WDigit[j];
009C C000 F000 01212         MOVFF   r0x00, r0x02
00A0 2A00      01213         INCF    r0x00, F
00A2 6A00      01214         CLRF    r0x03
00A4 0E00      01215         MOVLW   LOW(_LCDText)
00A6 2600      01216         ADDWF   r0x02, F
00A8 0E00      01217         MOVLW   HIGH(_LCDText)
00AA 2200      01218         ADDWFC  r0x03, F
00AC 0E00      01219         MOVLW   LOW(_DisplayWORD_WDigit_1_1)
00AE 2400      01220         ADDWF   r0x01, W
00B0 6E00      01221         MOVWF   r0x04
00B2 6A00      01222         CLRF    r0x05
00B4 0E00      01223         MOVLW   HIGH(_DisplayWORD_WDigit_1_1)
00B6 2200      01224         ADDWFC  r0x05, F
00B8 C000 FFE9 01225         MOVFF   r0x04, FSR0L
00BC C000 FFEA 01226         MOVFF   r0x05, FSR0H
00C0 CFEF F000 01227         MOVFF   INDF0, r0x04
00C4 C000 FFE9 01228         MOVFF   r0x02, FSR0L
00C8 C000 FFEA 01229         MOVFF   r0x03, FSR0H
00CC C000 FFEF 01230         MOVFF   r0x04, INDF0
               01231 ;       .line   292; MainDemo.c for(j = 0; j < strlen((char*)WDigit); j++)
00D0 2A00      01232         INCF    r0x01, F
00D2 D000      01233         BRA     _00143_DS_
00D4 01234 _00146_DS_:
               01235 ;       .line   296; MainDemo.c if(LCDPos < 32u)
00D4 C000 F000 01236         MOVFF   r0x00, r0x01
00D8 6A00      01237         CLRF    r0x02
00DA 0E00      01238         MOVLW   0x00
00DC 5C00      01239         SUBWF   r0x02, W
00DE E100      01240         BNZ     _00154_DS_
00E0 0E20      01241         MOVLW   0x20
00E2 5C00      01242         SUBWF   r0x01, W
gpasm-0.13.7 beta               Objects/MainDemo.asm12-10-2017  19:57:47         PAGE 24


LOC  OBJECT CODE     LINE SOURCE TEXT
  VALUE
 
00E4 01243 _00154_DS_:
00E4 E200      01244         BC      _00142_DS_
               01245 ;       .line   297; MainDemo.c LCDText[LCDPos] = 0;
00E6 6A00      01246         CLRF    r0x01
00E8 0E00      01247         MOVLW   LOW(_LCDText)
00EA 2600      01248         ADDWF   r0x00, F
00EC 0E00      01249         MOVLW   HIGH(_LCDText)
00EE 2200      01250         ADDWFC  r0x01, F
00F0 C000 FFE9 01251         MOVFF   r0x00, FSR0L
00F4 C000 FFEA 01252         MOVFF   r0x01, FSR0H
00F8 0E00      01253         MOVLW   0x00
00FA 6EEF      01254         MOVWF   INDF0
00FC 01255 _00142_DS_:
               01256 ;       .line   298; MainDemo.c LCDUpdate();
00FC EC00 F000 01257         CALL    _LCDUpdate
0100 CFE4 F000 01258         MOVFF   PREINC1, r0x05
0104 CFE4 F000 01259         MOVFF   PREINC1, r0x04
0108 CFE4 F000 01260         MOVFF   PREINC1, r0x03
010C CFE4 F000 01261         MOVFF   PREINC1, r0x02
0110 CFE4 F000 01262         MOVFF   PREINC1, r0x01
0114 CFE4 F000 01263         MOVFF   PREINC1, r0x00
0118 CFE4 FFD9 01264         MOVFF   PREINC1, FSR2L
011C 0012      01265         RETURN  
               01266 
               01267 ; ; Starting pCode block
               01268 S_MainDemo__HighISR     code
0000 01269 _HighISR:
               01270 ;       .line   159; MainDemo.c void HighISR(void) __interrupt(1) //ML for sdcc        
0000 CFE8 FFE5 01271         MOVFF   WREG, POSTDEC1
0004 CFD8 FFE5 01272         MOVFF   STATUS, POSTDEC1
0008 CFE0 FFE5 01273         MOVFF   BSR, POSTDEC1
000C CFF3 FFE5 01274         MOVFF   PRODL, POSTDEC1
0010 CFF4 FFE5 01275         MOVFF   PRODH, POSTDEC1
0014 CFE9 FFE5 01276         MOVFF   FSR0L, POSTDEC1
0018 CFEA FFE5 01277         MOVFF   FSR0H, POSTDEC1
001C CFFA FFE5 01278         MOVFF   PCLATH, POSTDEC1
0020 CFFB FFE5 01279         MOVFF   PCLATU, POSTDEC1
0024 CFD9 FFE5 01280         MOVFF   FSR2L, POSTDEC1
0028 CFE1 FFD9 01281         MOVFF   FSR1L, FSR2L
               01282 ;       .line   166; MainDemo.c }
002C CFE4 FFD9 01283         MOVFF   PREINC1, FSR2L
0030 CFE4 FFFB 01284         MOVFF   PREINC1, PCLATU
0034 CFE4 FFFA 01285         MOVFF   PREINC1, PCLATH
0038 CFE4 FFEA 01286         MOVFF   PREINC1, FSR0H
003C CFE4 FFE9 01287         MOVFF   PREINC1, FSR0L
0040 CFE4 FFF4 01288         MOVFF   PREINC1, PRODH
0044 CFE4 FFF3 01289         MOVFF   PREINC1, PRODL
0048 CFE4 FFE0 01290         MOVFF   PREINC1, BSR
004C CFE4 FFD8 01291         MOVFF   PREINC1, STATUS
0050 CFE4 FFE8 01292         MOVFF   PREINC1, WREG
0054 0010      01293         RETFIE  
               01294 
               01295 ; ; Starting pCode block
               01296 S_MainDemo__LowISR      code
gpasm-0.13.7 beta               Objects/MainDemo.asm12-10-2017  19:57:47         PAGE 25


LOC  OBJECT CODE     LINE SOURCE TEXT
  VALUE
 
0000 01297 _LowISR:
               01298 ;       .line   139; MainDemo.c void LowISR(void) __interrupt (2) //ML for sdcc
0000 CFE8 FFE5 01299         MOVFF   WREG, POSTDEC1
0004 CFD8 FFE5 01300         MOVFF   STATUS, POSTDEC1
0008 CFE0 FFE5 01301         MOVFF   BSR, POSTDEC1
000C CFF3 FFE5 01302         MOVFF   PRODL, POSTDEC1
0010 CFF4 FFE5 01303         MOVFF   PRODH, POSTDEC1
0014 CFE9 FFE5 01304         MOVFF   FSR0L, POSTDEC1
0018 CFEA FFE5 01305         MOVFF   FSR0H, POSTDEC1
001C CFFA FFE5 01306         MOVFF   PCLATH, POSTDEC1
0020 CFFB FFE5 01307         MOVFF   PCLATU, POSTDEC1
0024 CFD9 FFE5 01308         MOVFF   FSR2L, POSTDEC1
0028 CFE1 FFD9 01309         MOVFF   FSR1L, FSR2L
               01310 ;       .line   145; MainDemo.c TickUpdate();
002C EC00 F000 01311         CALL    _TickUpdate
0030 CFE4 FFD9 01312         MOVFF   PREINC1, FSR2L
0034 CFE4 FFFB 01313         MOVFF   PREINC1, PCLATU
0038 CFE4 FFFA 01314         MOVFF   PREINC1, PCLATH
003C CFE4 FFEA 01315         MOVFF   PREINC1, FSR0H
0040 CFE4 FFE9 01316         MOVFF   PREINC1, FSR0L
0044 CFE4 FFF4 01317         MOVFF   PREINC1, PRODH
0048 CFE4 FFF3 01318         MOVFF   PREINC1, PRODL
004C CFE4 FFE0 01319         MOVFF   PREINC1, BSR
0050 CFE4 FFD8 01320         MOVFF   PREINC1, STATUS
0054 CFE4 FFE8 01321         MOVFF   PREINC1, WREG
0058 0010      01322         RETFIE  
               01323 
               01324 ; ; Starting pCode block
005A 01325 __str_0:
005A 6C4F 6D69 01326         DB      0x4f, 0x6c, 0x69, 0x6d, 0x65, 0x78, 0x00
     7865 0000 
               01327 
               01328 
               01329 ; Statistics:
               01330 ; code size:     1716 (0x06b4) bytes ( 1.31%)
               01331 ;                 858 (0x035a) words
               01332 ; udata size:      72 (0x0048) bytes ( 1.88%)
               01333 ; access size:     14 (0x000e) bytes
               01334 
               01335 
gpasm-0.13.7 beta               Objects/MainDemo.asm12-10-2017  19:57:47         PAGE 26


SYMBOL TABLE
  LABEL                             VALUE 

BSR                               00000FE0
FSR0H                             00000FEA
FSR0L                             00000FE9
FSR1L                             00000FE1
FSR2L                             00000FD9
INDF0                             00000FEF
PCLATH                            00000FFA
PCLATU                            00000FFB
PLUSW2                            00000FDB
POSTDEC1                          00000FE5
PREINC1                           00000FE4
PRODH                             00000FF4
PRODL                             00000FF3
STATUS                            00000FD8
WREG                              00000FE8
_00115_DS_                        00000026
_00125_DS_                        000000DC
_00127_DS_                        00000068
_00136_DS_                        000000B0
_00142_DS_                        000000FC
_00143_DS_                        0000005C
_00146_DS_                        000000D4
_00153_DS_                        0000009A
_00154_DS_                        000000E4
_00162_DS_                        00000082
_00171_DS_                        00000062
_00174_DS_                        0000016C
_00176_DS_                        00000194
_00177_DS_                        000000C4
_00189_DS_                        0000013C
_00192_DS_                        000000A0
_00193_DS_                        00000084
_00194_DS_                        00000094
_00195_DS_                        00000092
_00197_DS_                        00000102
_00200_DS_                        0000017C
_00206_DS_                        0000002C
_00207_DS_                        00000030
_ADCON0                           00000000
_ADCON0bits                       00000000
_ADCON1                           00000000
_ADCON1bits                       00000000
_ADCON2                           00000000
_ADCON2bits                       00000000
_ADRES                            00000000
_ADRESH                           00000000
_ADRESL                           00000000
_AN0String                        00000000
_AppConfig                        00000000
_BAUDCON                          00000000
_BAUDCON1                         00000000
_BAUDCON1bits                     00000000
_BAUDCON2                         00000000
gpasm-0.13.7 beta               Objects/MainDemo.asm12-10-2017  19:57:47         PAGE 27


LOC  OBJECT CODE     LINE SOURCE TEXT
  VALUE
 
_BAUDCON2bits                     00000000
_BAUDCONbits                      00000000
_BAUDCTL                          00000000
_BAUDCTL1                         00000000
_BAUDCTL1bits                     00000000
_BAUDCTL2                         00000000
_BAUDCTL2bits                     00000000
_BAUDCTLbits                      00000000
_BSR                              00000000
_CCP1CON                          00000000
_CCP1CONbits                      00000000
_CCP2CON                          00000000
_CCP2CONbits                      00000000
_CCP3CON                          00000000
_CCP3CONbits                      00000000
_CCP4CON                          00000000
_CCP4CONbits                      00000000
_CCP5CON                          00000000
_CCP5CONbits                      00000000
_CCPR1                            00000000
_CCPR1H                           00000000
_CCPR1L                           00000000
_CCPR2                            00000000
_CCPR2H                           00000000
_CCPR2L                           00000000
_CCPR3                            00000000
_CCPR3H                           00000000
_CCPR3L                           00000000
_CCPR4                            00000000
_CCPR4H                           00000000
_CCPR4L                           00000000
_CCPR5                            00000000
_CCPR5H                           00000000
_CCPR5L                           00000000
_CMCON                            00000000
_CMCONbits                        00000000
_CVRCON                           00000000
_CVRCONbits                       00000000
_DDRA                             00000000
_DDRAbits                         00000000
_DDRB                             00000000
_DDRBbits                         00000000
_DDRC                             00000000
_DDRCbits                         00000000
_DDRD                             00000000
_DDRDbits                         00000000
_DDRE                             00000000
_DDREbits                         00000000
_DDRF                             00000000
_DDRFbits                         00000000
_DDRG                             00000000
_DDRGbits                         00000000
_DDRH                             00000000
_DDRHbits                         00000000
gpasm-0.13.7 beta               Objects/MainDemo.asm12-10-2017  19:57:47         PAGE 28


LOC  OBJECT CODE     LINE SOURCE TEXT
  VALUE
 
_DDRJ                             00000000
_DDRJbits                         00000000
_DisplayIPValue                   00000000
_DisplayIPValue_IPDigit_1_1       00000000
_DisplayString                    00000000
_DisplayWORD                      00000000
_DisplayWORD_WDigit_1_1           00000000
_EBSTCON                          00000000
_EBSTCONbits                      00000000
_EBSTCS                           00000000
_EBSTCSH                          00000000
_EBSTCSL                          00000000
_EBSTSD                           00000000
_ECCP1AS                          00000000
_ECCP1ASbits                      00000000
_ECCP1CON                         00000000
_ECCP1CONbits                     00000000
_ECCP1DEL                         00000000
_ECCP1DELbits                     00000000
_ECCP2AS                          00000000
_ECCP2ASbits                      00000000
_ECCP2CON                         00000000
_ECCP2CONbits                     00000000
_ECCP2DEL                         00000000
_ECCP2DELbits                     00000000
_ECCP3AS                          00000000
_ECCP3ASbits                      00000000
_ECCP3CON                         00000000
_ECCP3CONbits                     00000000
_ECCP3DEL                         00000000
_ECCP3DELbits                     00000000
_ECON1                            00000000
_ECON1bits                        00000000
_ECON2                            00000000
_ECON2bits                        00000000
_EDATA                            00000000
_EDATAbits                        00000000
_EDMACS                           00000000
_EDMACSH                          00000000
_EDMACSL                          00000000
_EDMADST                          00000000
_EDMADSTH                         00000000
_EDMADSTL                         00000000
_EDMAND                           00000000
_EDMANDH                          00000000
_EDMANDL                          00000000
_EDMAST                           00000000
_EDMASTH                          00000000
_EDMASTL                          00000000
_EECON1                           00000000
_EECON1bits                       00000000
_EECON2                           00000000
_EFLOCON                          00000000
_EFLOCONbits                      00000000
gpasm-0.13.7 beta               Objects/MainDemo.asm12-10-2017  19:57:47         PAGE 29


LOC  OBJECT CODE     LINE SOURCE TEXT
  VALUE
 
_EHT0                             00000000
_EHT1                             00000000
_EHT2                             00000000
_EHT3                             00000000
_EHT4                             00000000
_EHT5                             00000000
_EHT6                             00000000
_EHT7                             00000000
_EIE                              00000000
_EIEbits                          00000000
_EIR                              00000000
_EIRbits                          00000000
_EPAUS                            00000000
_EPAUSH                           00000000
_EPAUSL                           00000000
_EPKTCNT                          00000000
_EPMCS                            00000000
_EPMCSH                           00000000
_EPMCSL                           00000000
_EPMM0                            00000000
_EPMM1                            00000000
_EPMM2                            00000000
_EPMM3                            00000000
_EPMM4                            00000000
_EPMM5                            00000000
_EPMM6                            00000000
_EPMM7                            00000000
_EPMO                             00000000
_EPMOH                            00000000
_EPMOL                            00000000
_ERDPT                            00000000
_ERDPTH                           00000000
_ERDPTL                           00000000
_ERXFCON                          00000000
_ERXFCONbits                      00000000
_ERXND                            00000000
_ERXNDH                           00000000
_ERXNDL                           00000000
_ERXRDPT                          00000000
_ERXRDPTH                         00000000
_ERXRDPTL                         00000000
_ERXST                            00000000
_ERXSTH                           00000000
_ERXSTL                           00000000
_ERXWRPT                          00000000
_ERXWRPTH                         00000000
_ERXWRPTL                         00000000
_ESTAT                            00000000
_ESTATbits                        00000000
_ETXND                            00000000
_ETXNDH                           00000000
_ETXNDL                           00000000
_ETXST                            00000000
_ETXSTH                           00000000
gpasm-0.13.7 beta               Objects/MainDemo.asm12-10-2017  19:57:47         PAGE 30


LOC  OBJECT CODE     LINE SOURCE TEXT
  VALUE
 
_ETXSTL                           00000000
_EWOLIE                           00000000
_EWOLIEbits                       00000000
_EWOLIR                           00000000
_EWOLIRbits                       00000000
_EWRPT                            00000000
_EWRPTH                           00000000
_EWRPTL                           00000000
_FSR0H                            00000000
_FSR0L                            00000000
_FSR1H                            00000000
_FSR1L                            00000000
_FSR2H                            00000000
_FSR2L                            00000000
_HighISR                          00000000
_INDF0                            00000000
_INDF1                            00000000
_INDF2                            00000000
_INTCON                           00000000
_INTCON2                          00000000
_INTCON2bits                      00000000
_INTCON3                          00000000
_INTCON3bits                      00000000
_INTCONbits                       00000000
_IPR1                             00000000
_IPR1bits                         00000000
_IPR2                             00000000
_IPR2bits                         00000000
_IPR3                             00000000
_IPR3bits                         00000000
_InitAppConfig                    00000000
_InitializeBoard                  00000000
_LATA                             00000000
_LATAbits                         00000000
_LATB                             00000000
_LATBbits                         00000000
_LATC                             00000000
_LATCbits                         00000000
_LATD                             00000000
_LATDbits                         00000000
_LATE                             00000000
_LATEbits                         00000000
_LATF                             00000000
_LATFbits                         00000000
_LATG                             00000000
_LATGbits                         00000000
_LATH                             00000000
_LATHbits                         00000000
_LATJ                             00000000
_LATJbits                         00000000
_LCDInit                          00000000
_LCDTask                          00000000
_LCDTaskInit                      00000000
_LCDText                          00000000
gpasm-0.13.7 beta               Objects/MainDemo.asm12-10-2017  19:57:47         PAGE 31


LOC  OBJECT CODE     LINE SOURCE TEXT
  VALUE
 
_LCDUpdate                        00000000
_LowISR                           00000000
_MAADR1                           00000000
_MAADR2                           00000000
_MAADR3                           00000000
_MAADR4                           00000000
_MAADR5                           00000000
_MAADR6                           00000000
_MABBIPG                          00000000
_MACLCON1                         00000000
_MACLCON1bits                     00000000
_MACLCON2                         00000000
_MACLCON2bits                     00000000
_MACON1                           00000000
_MACON1bits                       00000000
_MACON2                           00000000
_MACON2bits                       00000000
_MACON3                           00000000
_MACON3bits                       00000000
_MACON4                           00000000
_MACON4bits                       00000000
_MAIPG                            00000000
_MAIPGH                           00000000
_MAIPGL                           00000000
_MAMXFL                           00000000
_MAMXFLH                          00000000
_MAMXFLL                          00000000
_MEMCON                           00000000
_MEMCONbits                       00000000
_MICMD                            00000000
_MICMDbits                        00000000
_MICON                            00000000
_MICONbits                        00000000
_MIRD                             00000000
_MIRDH                            00000000
_MIRDL                            00000000
_MIREGADR                         00000000
_MISTAT                           00000000
_MISTATbits                       00000000
_MIWR                             00000000
_MIWRH                            00000000
_MIWRL                            00000000
_OSCCON                           00000000
_OSCCONbits                       00000000
_OSCTUNE                          00000000
_OSCTUNEbits                      00000000
_PC                               00000000
_PCL                              00000000
_PCLATH                           00000000
_PCLATU                           00000000
_PIE1                             00000000
_PIE1bits                         00000000
_PIE2                             00000000
_PIE2bits                         00000000
gpasm-0.13.7 beta               Objects/MainDemo.asm12-10-2017  19:57:47         PAGE 32


LOC  OBJECT CODE     LINE SOURCE TEXT
  VALUE
 
_PIE3                             00000000
_PIE3bits                         00000000
_PIR1                             00000000
_PIR1bits                         00000000
_PIR2                             00000000
_PIR2bits                         00000000
_PIR3                             00000000
_PIR3bits                         00000000
_PLUSW0                           00000000
_PLUSW1                           00000000
_PLUSW2                           00000000
_PORTA                            00000000
_PORTAbits                        00000000
_PORTB                            00000000
_PORTBbits                        00000000
_PORTC                            00000000
_PORTCbits                        00000000
_PORTD                            00000000
_PORTDbits                        00000000
_PORTE                            00000000
_PORTEbits                        00000000
_PORTF                            00000000
_PORTFbits                        00000000
_PORTG                            00000000
_PORTGbits                        00000000
_PORTH                            00000000
_PORTHbits                        00000000
_PORTJ                            00000000
_PORTJbits                        00000000
_POSTDEC0                         00000000
_POSTDEC1                         00000000
_POSTDEC2                         00000000
_POSTINC0                         00000000
_POSTINC1                         00000000
_POSTINC2                         00000000
_PR2                              00000000
_PR4                              00000000
_PREINC0                          00000000
_PREINC1                          00000000
_PREINC2                          00000000
_PROD                             00000000
_PRODH                            00000000
_PRODL                            00000000
_PSPCON                           00000000
_PSPCONbits                       00000000
_RCON                             00000000
_RCONbits                         00000000
_RCREG                            00000000
_RCREG1                           00000000
_RCREG2                           00000000
_RCSTA                            00000000
_RCSTA1                           00000000
_RCSTA1bits                       00000000
_RCSTA2                           00000000
gpasm-0.13.7 beta               Objects/MainDemo.asm12-10-2017  19:57:47         PAGE 33


LOC  OBJECT CODE     LINE SOURCE TEXT
  VALUE
 
_RCSTA2bits                       00000000
_RCSTAbits                        00000000
_SPBRG                            00000000
_SPBRG1                           00000000
_SPBRG2                           00000000
_SPBRGH                           00000000
_SPBRGH1                          00000000
_SPBRGH2                          00000000
_SSP1ADD                          00000000
_SSP1BUF                          00000000
_SSP1CON1                         00000000
_SSP1CON1bits                     00000000
_SSP1CON2                         00000000
_SSP1CON2bits                     00000000
_SSP1STAT                         00000000
_SSP1STATbits                     00000000
_SSP2ADD                          00000000
_SSP2BUF                          00000000
_SSP2CON1                         00000000
_SSP2CON1bits                     00000000
_SSP2CON2                         00000000
_SSP2CON2bits                     00000000
_SSP2STAT                         00000000
_SSP2STATbits                     00000000
_SSPADD                           00000000
_SSPBUF                           00000000
_SSPCON1                          00000000
_SSPCON1bits                      00000000
_SSPCON2                          00000000
_SSPCON2bits                      00000000
_SSPSTAT                          00000000
_SSPSTATbits                      00000000
_STATUS                           00000000
_STATUSbits                       00000000
_STKPTR                           00000000
_STKPTRbits                       00000000
_StackInit                        00000000
_StackTask                        00000000
_T0CON                            00000000
_T0CONbits                        00000000
_T1CON                            00000000
_T1CONbits                        00000000
_T2CON                            00000000
_T2CONbits                        00000000
_T3CON                            00000000
_T3CONbits                        00000000
_T4CON                            00000000
_T4CONbits                        00000000
_TABLAT                           00000000
_TBLPTR                           00000000
_TBLPTRH                          00000000
_TBLPTRL                          00000000
_TBLPTRU                          00000000
_TMR0H                            00000000
gpasm-0.13.7 beta               Objects/MainDemo.asm12-10-2017  19:57:47         PAGE 34


LOC  OBJECT CODE     LINE SOURCE TEXT
  VALUE
 
_TMR0L                            00000000
_TMR1H                            00000000
_TMR1L                            00000000
_TMR2                             00000000
_TMR3H                            00000000
_TMR3L                            00000000
_TMR4                             00000000
_TOS                              00000000
_TOSH                             00000000
_TOSL                             00000000
_TOSU                             00000000
_TRISA                            00000000
_TRISAbits                        00000000
_TRISB                            00000000
_TRISBbits                        00000000
_TRISC                            00000000
_TRISCbits                        00000000
_TRISD                            00000000
_TRISDbits                        00000000
_TRISE                            00000000
_TRISEbits                        00000000
_TRISF                            00000000
_TRISFbits                        00000000
_TRISG                            00000000
_TRISGbits                        00000000
_TRISH                            00000000
_TRISHbits                        00000000
_TRISJ                            00000000
_TRISJbits                        00000000
_TXREG                            00000000
_TXREG1                           00000000
_TXREG2                           00000000
_TXSTA                            00000000
_TXSTA1                           00000000
_TXSTA1bits                       00000000
_TXSTA2                           00000000
_TXSTA2bits                       00000000
_TXSTAbits                        00000000
_TickGetDiv256                    00000000
_TickInit                         00000000
_TickUpdate                       00000000
_UDPRxCount                       00000000
_UDPSocketInfo                    00000000
_UDPTxCount                       00000000
_WDTCON                           00000000
_WDTCONbits                       00000000
_WREG                             00000000
__18F97J60                        00000001
__str_0                           0000005A
_activeUDPSocket                  00000000
_main                             00000000
_main_dwLastIP_1_1                00000004
_main_t_1_1                       00000000
_message                          00000000
gpasm-0.13.7 beta               Objects/MainDemo.asm12-10-2017  19:57:47         PAGE 35


LOC  OBJECT CODE     LINE SOURCE TEXT
  VALUE
 
_stdin                            00000000
_stdout                           00000000
_strlcpy                          00000000
_strlen                           00000000
_uitoa                            00000000
_ultoa                            00000000
ivec_0x1_HighISR                  00000008
ivec_0x2_LowISR                   00000018
r0x00                             00000000
r0x01                             00000001
r0x02                             00000002
r0x03                             00000003
r0x04                             00000004
r0x05                             00000005
r0x06                             00000006
r0x07                             00000007
r0x08                             00000008
r0x09                             00000009
r0x0a                             0000000A
r0x0b                             0000000B
r0x0c                             0000000C
r0x0d                             0000000D


Errors   :       0
Warnings :       0 reported,       0 suppressed
Messages :       0 reported,       0 suppressed

